{"/Users/fortune/Projects/node-typescript-boilerplate/src/base.dto.ts": {"path":"/Users/fortune/Projects/node-typescript-boilerplate/src/base.dto.ts","statementMap":{"0":{"start":{"line":1,"column":0},"end":{"line":1,"column":51}},"1":{"start":{"line":2,"column":0},"end":{"line":2,"column":41}},"2":{"start":{"line":4,"column":0},"end":{"line":4,"column":22}},"3":{"start":{"line":9,"column":2},"end":{"line":9,"column":null}},"4":{"start":{"line":6,"column":0},"end":{"line":6,"column":22}},"5":{"start":{"line":11,"column":0},"end":{"line":11,"column":22}},"6":{"start":{"line":15,"column":0},"end":{"line":15,"column":22}}},"fnMap":{},"branchMap":{},"s":{"0":2,"1":2,"2":2,"3":2,"4":2,"5":2,"6":2},"f":{},"b":{}}
,"/Users/fortune/Projects/node-typescript-boilerplate/src/base.entity.ts": {"path":"/Users/fortune/Projects/node-typescript-boilerplate/src/base.entity.ts","statementMap":{"0":{"start":{"line":1,"column":0},"end":{"line":1,"column":62}},"1":{"start":{"line":2,"column":0},"end":{"line":2,"column":68}},"2":{"start":{"line":20,"column":32},"end":{"line":123,"column":null}},"3":{"start":{"line":38,"column":10},"end":{"line":38,"column":39}},"4":{"start":{"line":46,"column":10},"end":{"line":46,"column":45}},"5":{"start":{"line":54,"column":10},"end":{"line":54,"column":45}},"6":{"start":{"line":62,"column":10},"end":{"line":62,"column":35}},"7":{"start":{"line":70,"column":10},"end":{"line":70,"column":37}},"8":{"start":{"line":78,"column":10},"end":{"line":78,"column":45}},"9":{"start":{"line":94,"column":3},"end":{"line":94,"column":50}},"10":{"start":{"line":103,"column":3},"end":{"line":103,"column":51}},"11":{"start":{"line":112,"column":3},"end":{"line":112,"column":50}},"12":{"start":{"line":121,"column":3},"end":{"line":121,"column":49}},"13":{"start":{"line":38,"column":1},"end":{"line":38,"column":null}},"14":{"start":{"line":46,"column":1},"end":{"line":46,"column":null}},"15":{"start":{"line":54,"column":1},"end":{"line":54,"column":null}},"16":{"start":{"line":62,"column":1},"end":{"line":62,"column":null}},"17":{"start":{"line":70,"column":1},"end":{"line":70,"column":null}},"18":{"start":{"line":78,"column":1},"end":{"line":78,"column":null}},"19":{"start":{"line":86,"column":1},"end":{"line":86,"column":null}},"20":{"start":{"line":20,"column":22},"end":{"line":123,"column":null}},"21":{"start":{"line":14,"column":4},"end":{"line":14,"column":21}},"22":{"start":{"line":15,"column":4},"end":{"line":15,"column":19}},"23":{"start":{"line":20,"column":22},"end":{"line":20,"column":32}}},"fnMap":{"0":{"name":"(anonymous_2)","decl":{"start":{"line":20,"column":0},"end":{"line":20,"column":22}},"loc":{"start":{"line":20,"column":0},"end":{"line":123,"column":1}}},"1":{"name":"(anonymous_3)","decl":{"start":{"line":93,"column":1},"end":{"line":93,"column":7}},"loc":{"start":{"line":93,"column":7},"end":{"line":95,"column":2}}},"2":{"name":"(anonymous_4)","decl":{"start":{"line":102,"column":1},"end":{"line":102,"column":8}},"loc":{"start":{"line":102,"column":8},"end":{"line":104,"column":2}}},"3":{"name":"(anonymous_5)","decl":{"start":{"line":111,"column":1},"end":{"line":111,"column":11}},"loc":{"start":{"line":111,"column":11},"end":{"line":113,"column":2}}},"4":{"name":"(anonymous_6)","decl":{"start":{"line":120,"column":1},"end":{"line":120,"column":9}},"loc":{"start":{"line":120,"column":9},"end":{"line":122,"column":2}}},"5":{"name":"(anonymous_7)","decl":{"start":{"line":13,"column":14},"end":{"line":13,"column":15}},"loc":{"start":{"line":13,"column":27},"end":{"line":16,"column":4}}}},"branchMap":{},"s":{"0":8,"1":8,"2":8,"3":3,"4":3,"5":3,"6":3,"7":3,"8":3,"9":0,"10":0,"11":0,"12":0,"13":8,"14":8,"15":8,"16":8,"17":8,"18":8,"19":8,"20":8,"21":0,"22":0,"23":8},"f":{"0":3,"1":0,"2":0,"3":0,"4":0,"5":0},"b":{}}
,"/Users/fortune/Projects/node-typescript-boilerplate/src/account/account.controller.ts": {"path":"/Users/fortune/Projects/node-typescript-boilerplate/src/account/account.controller.ts","statementMap":{"0":{"start":{"line":1,"column":0},"end":{"line":1,"column":44}},"1":{"start":{"line":4,"column":0},"end":{"line":4,"column":null}},"2":{"start":{"line":4,"column":13},"end":{"line":4,"column":null}},"3":{"start":{"line":4,"column":13},"end":{"line":4,"column":30}}},"fnMap":{},"branchMap":{},"s":{"0":1,"1":1,"2":1,"3":1},"f":{},"b":{}}
,"/Users/fortune/Projects/node-typescript-boilerplate/src/account/account.service.ts": {"path":"/Users/fortune/Projects/node-typescript-boilerplate/src/account/account.service.ts","statementMap":{"0":{"start":{"line":1,"column":0},"end":{"line":1,"column":44}},"1":{"start":{"line":4,"column":0},"end":{"line":4,"column":null}},"2":{"start":{"line":4,"column":13},"end":{"line":4,"column":null}},"3":{"start":{"line":4,"column":13},"end":{"line":4,"column":27}}},"fnMap":{},"branchMap":{},"s":{"0":1,"1":1,"2":1,"3":1},"f":{},"b":{}}
,"/Users/fortune/Projects/node-typescript-boilerplate/src/auth/auth.controller.ts": {"path":"/Users/fortune/Projects/node-typescript-boilerplate/src/auth/auth.controller.ts","statementMap":{"0":{"start":{"line":1,"column":0},"end":{"line":1,"column":97}},"1":{"start":{"line":2,"column":0},"end":{"line":2,"column":null}},"2":{"start":{"line":10,"column":0},"end":{"line":10,"column":48}},"3":{"start":{"line":12,"column":0},"end":{"line":12,"column":42}},"4":{"start":{"line":13,"column":0},"end":{"line":13,"column":44}},"5":{"start":{"line":14,"column":0},"end":{"line":14,"column":49}},"6":{"start":{"line":15,"column":0},"end":{"line":15,"column":45}},"7":{"start":{"line":16,"column":0},"end":{"line":16,"column":51}},"8":{"start":{"line":17,"column":0},"end":{"line":17,"column":57}},"9":{"start":{"line":18,"column":0},"end":{"line":18,"column":49}},"10":{"start":{"line":19,"column":0},"end":{"line":19,"column":51}},"11":{"start":{"line":20,"column":0},"end":{"line":20,"column":61}},"12":{"start":{"line":21,"column":0},"end":{"line":21,"column":59}},"13":{"start":{"line":25,"column":0},"end":{"line":69,"column":null}},"14":{"start":{"line":26,"column":30},"end":{"line":26,"column":44}},"15":{"start":{"line":36,"column":15},"end":{"line":36,"column":40}},"16":{"start":{"line":37,"column":17},"end":{"line":37,"column":55}},"17":{"start":{"line":38,"column":2},"end":{"line":38,"column":48}},"18":{"start":{"line":57,"column":2},"end":{"line":57,"column":49}},"19":{"start":{"line":67,"column":2},"end":{"line":67,"column":62}},"20":{"start":{"line":35,"column":1},"end":{"line":39,"column":null}},"21":{"start":{"line":56,"column":1},"end":{"line":58,"column":null}},"22":{"start":{"line":66,"column":1},"end":{"line":68,"column":null}},"23":{"start":{"line":25,"column":13},"end":{"line":69,"column":null}},"24":{"start":{"line":25,"column":13},"end":{"line":25,"column":27}}},"fnMap":{"0":{"name":"(anonymous_4)","decl":{"start":{"line":26,"column":1},"end":{"line":26,"column":30}},"loc":{"start":{"line":26,"column":55},"end":{"line":26,"column":59}}},"1":{"name":"(anonymous_5)","decl":{"start":{"line":35,"column":1},"end":{"line":35,"column":6}},"loc":{"start":{"line":35,"column":44},"end":{"line":39,"column":2}}},"2":{"name":"(anonymous_6)","decl":{"start":{"line":56,"column":1},"end":{"line":56,"column":6}},"loc":{"start":{"line":56,"column":59},"end":{"line":58,"column":2}}},"3":{"name":"(anonymous_7)","decl":{"start":{"line":66,"column":1},"end":{"line":66,"column":6}},"loc":{"start":{"line":66,"column":56},"end":{"line":68,"column":2}}}},"branchMap":{},"s":{"0":2,"1":2,"2":2,"3":2,"4":2,"5":2,"6":2,"7":2,"8":2,"9":2,"10":2,"11":2,"12":2,"13":2,"14":1,"15":1,"16":1,"17":1,"18":1,"19":0,"20":2,"21":2,"22":2,"23":2,"24":2},"f":{"0":1,"1":1,"2":1,"3":0},"b":{}}
,"/Users/fortune/Projects/node-typescript-boilerplate/src/auth/auth.service.ts": {"path":"/Users/fortune/Projects/node-typescript-boilerplate/src/auth/auth.service.ts","statementMap":{"0":{"start":{"line":1,"column":0},"end":{"line":1,"column":32}},"1":{"start":{"line":2,"column":0},"end":{"line":2,"column":32}},"2":{"start":{"line":3,"column":0},"end":{"line":3,"column":88}},"3":{"start":{"line":4,"column":0},"end":{"line":4,"column":40}},"4":{"start":{"line":6,"column":0},"end":{"line":6,"column":56}},"5":{"start":{"line":8,"column":0},"end":{"line":8,"column":67}},"6":{"start":{"line":9,"column":0},"end":{"line":9,"column":52}},"7":{"start":{"line":10,"column":0},"end":{"line":10,"column":40}},"8":{"start":{"line":11,"column":0},"end":{"line":11,"column":51}},"9":{"start":{"line":12,"column":0},"end":{"line":12,"column":63}},"10":{"start":{"line":13,"column":0},"end":{"line":13,"column":61}},"11":{"start":{"line":14,"column":0},"end":{"line":14,"column":65}},"12":{"start":{"line":24,"column":0},"end":{"line":168,"column":null}},"13":{"start":{"line":26,"column":19},"end":{"line":26,"column":32}},"14":{"start":{"line":27,"column":19},"end":{"line":27,"column":36}},"15":{"start":{"line":28,"column":19},"end":{"line":28,"column":43}},"16":{"start":{"line":29,"column":19},"end":{"line":29,"column":35}},"17":{"start":{"line":30,"column":19},"end":{"line":30,"column":33}},"18":{"start":{"line":41,"column":15},"end":{"line":41,"column":56}},"19":{"start":{"line":42,"column":2},"end":{"line":42,"column":44}},"20":{"start":{"line":43,"column":34},"end":{"line":43,"column":38}},"21":{"start":{"line":43,"column":20},"end":{"line":43,"column":34}},"22":{"start":{"line":44,"column":2},"end":{"line":44,"column":24}},"23":{"start":{"line":55,"column":30},"end":{"line":60,"column":4}},"24":{"start":{"line":61,"column":2},"end":{"line":63,"column":4}},"25":{"start":{"line":76,"column":21},"end":{"line":78,"column":4}},"26":{"start":{"line":79,"column":2},"end":{"line":83,"column":null}},"27":{"start":{"line":80,"column":3},"end":{"line":82,"column":5}},"28":{"start":{"line":84,"column":2},"end":{"line":86,"column":5}},"29":{"start":{"line":87,"column":2},"end":{"line":91,"column":null}},"30":{"start":{"line":88,"column":3},"end":{"line":90,"column":5}},"31":{"start":{"line":92,"column":2},"end":{"line":92,"column":48}},"32":{"start":{"line":93,"column":2},"end":{"line":93,"column":50}},"33":{"start":{"line":94,"column":27},"end":{"line":94,"column":55}},"34":{"start":{"line":95,"column":2},"end":{"line":95,"column":52}},"35":{"start":{"line":99,"column":15},"end":{"line":99,"column":67}},"36":{"start":{"line":100,"column":2},"end":{"line":100,"column":69}},"37":{"start":{"line":100,"column":13},"end":{"line":100,"column":69}},"38":{"start":{"line":101,"column":22},"end":{"line":101,"column":55}},"39":{"start":{"line":102,"column":24},"end":{"line":104,"column":null}},"40":{"start":{"line":106,"column":2},"end":{"line":106,"column":66}},"41":{"start":{"line":107,"column":2},"end":{"line":107,"column":73}},"42":{"start":{"line":111,"column":2},"end":{"line":113,"column":null}},"43":{"start":{"line":112,"column":3},"end":{"line":112,"column":38}},"44":{"start":{"line":114,"column":2},"end":{"line":116,"column":null}},"45":{"start":{"line":115,"column":3},"end":{"line":115,"column":35}},"46":{"start":{"line":117,"column":26},"end":{"line":117,"column":65}},"47":{"start":{"line":119,"column":2},"end":{"line":121,"column":null}},"48":{"start":{"line":120,"column":3},"end":{"line":120,"column":38}},"49":{"start":{"line":124,"column":2},"end":{"line":124,"column":22}},"50":{"start":{"line":125,"column":2},"end":{"line":125,"column":50}},"51":{"start":{"line":128,"column":15},"end":{"line":130,"column":11}},"52":{"start":{"line":131,"column":2},"end":{"line":137,"column":null}},"53":{"start":{"line":136,"column":3},"end":{"line":136,"column":35}},"54":{"start":{"line":139,"column":2},"end":{"line":144,"column":4}},"55":{"start":{"line":149,"column":2},"end":{"line":165,"column":4}},"56":{"start":{"line":24,"column":13},"end":{"line":168,"column":null}},"57":{"start":{"line":24,"column":13},"end":{"line":24,"column":24}}},"fnMap":{"0":{"name":"(anonymous_3)","decl":{"start":{"line":25,"column":1},"end":{"line":25,"column":null}},"loc":{"start":{"line":30,"column":44},"end":{"line":31,"column":5}}},"1":{"name":"(anonymous_4)","decl":{"start":{"line":40,"column":1},"end":{"line":40,"column":6}},"loc":{"start":{"line":40,"column":55},"end":{"line":45,"column":2}}},"2":{"name":"(anonymous_5)","decl":{"start":{"line":54,"column":1},"end":{"line":54,"column":6}},"loc":{"start":{"line":54,"column":29},"end":{"line":64,"column":2}}},"3":{"name":"(anonymous_6)","decl":{"start":{"line":73,"column":1},"end":{"line":73,"column":6}},"loc":{"start":{"line":74,"column":12},"end":{"line":96,"column":2}}},"4":{"name":"(anonymous_7)","decl":{"start":{"line":98,"column":1},"end":{"line":98,"column":6}},"loc":{"start":{"line":98,"column":43},"end":{"line":108,"column":2}}},"5":{"name":"(anonymous_8)","decl":{"start":{"line":110,"column":9},"end":{"line":110,"column":14}},"loc":{"start":{"line":110,"column":58},"end":{"line":126,"column":2}}},"6":{"name":"(anonymous_9)","decl":{"start":{"line":127,"column":9},"end":{"line":127,"column":14}},"loc":{"start":{"line":127,"column":52},"end":{"line":145,"column":2}}},"7":{"name":"(anonymous_10)","decl":{"start":{"line":146,"column":9},"end":{"line":146,"column":23}},"loc":{"start":{"line":147,"column":25},"end":{"line":166,"column":2}}}},"branchMap":{"0":{"loc":{"start":{"line":79,"column":2},"end":{"line":83,"column":null}},"type":"if","locations":[{"start":{"line":79,"column":2},"end":{"line":83,"column":null}},{"start":{"line":79,"column":2},"end":{"line":83,"column":null}}]},"1":{"loc":{"start":{"line":87,"column":2},"end":{"line":91,"column":null}},"type":"if","locations":[{"start":{"line":87,"column":2},"end":{"line":91,"column":null}},{"start":{"line":87,"column":2},"end":{"line":91,"column":null}}]},"2":{"loc":{"start":{"line":100,"column":2},"end":{"line":100,"column":69}},"type":"if","locations":[{"start":{"line":100,"column":2},"end":{"line":100,"column":69}},{"start":{"line":100,"column":2},"end":{"line":100,"column":69}}]},"3":{"loc":{"start":{"line":111,"column":2},"end":{"line":113,"column":null}},"type":"if","locations":[{"start":{"line":111,"column":2},"end":{"line":113,"column":null}},{"start":{"line":111,"column":2},"end":{"line":113,"column":null}}]},"4":{"loc":{"start":{"line":114,"column":2},"end":{"line":116,"column":null}},"type":"if","locations":[{"start":{"line":114,"column":2},"end":{"line":116,"column":null}},{"start":{"line":114,"column":2},"end":{"line":116,"column":null}}]},"5":{"loc":{"start":{"line":119,"column":2},"end":{"line":121,"column":null}},"type":"if","locations":[{"start":{"line":119,"column":2},"end":{"line":121,"column":null}},{"start":{"line":119,"column":2},"end":{"line":121,"column":null}}]},"6":{"loc":{"start":{"line":131,"column":2},"end":{"line":137,"column":null}},"type":"if","locations":[{"start":{"line":131,"column":2},"end":{"line":137,"column":null}},{"start":{"line":131,"column":2},"end":{"line":137,"column":null}}]},"7":{"loc":{"start":{"line":132,"column":3},"end":{"line":132,"column":7}},"type":"binary-expr","locations":[{"start":{"line":132,"column":3},"end":{"line":132,"column":7}},{"start":{"line":133,"column":3},"end":{"line":133,"column":72}},{"start":{"line":134,"column":3},"end":{"line":134,"column":46}}]}},"s":{"0":2,"1":2,"2":2,"3":2,"4":2,"5":2,"6":2,"7":2,"8":2,"9":2,"10":2,"11":2,"12":2,"13":1,"14":1,"15":1,"16":1,"17":1,"18":3,"19":3,"20":1,"21":1,"22":1,"23":2,"24":2,"25":1,"26":1,"27":0,"28":1,"29":1,"30":0,"31":1,"32":1,"33":1,"34":1,"35":2,"36":2,"37":1,"38":1,"39":1,"40":1,"41":1,"42":3,"43":2,"44":1,"45":0,"46":1,"47":1,"48":0,"49":1,"50":1,"51":3,"52":3,"53":0,"54":3,"55":3,"56":2,"57":2},"f":{"0":1,"1":3,"2":2,"3":1,"4":2,"5":3,"6":3,"7":3},"b":{"0":[0,1],"1":[0,1],"2":[1,1],"3":[2,1],"4":[0,1],"5":[0,1],"6":[0,3],"7":[3,2,0]}}
,"/Users/fortune/Projects/node-typescript-boilerplate/src/auth/session.serializer.ts": {"path":"/Users/fortune/Projects/node-typescript-boilerplate/src/auth/session.serializer.ts","statementMap":{"0":{"start":{"line":1,"column":0},"end":{"line":1,"column":54}},"1":{"start":{"line":2,"column":0},"end":{"line":2,"column":44}},"2":{"start":{"line":4,"column":0},"end":{"line":14,"column":null}},"3":{"start":{"line":6,"column":4},"end":{"line":6,"column":21}},"4":{"start":{"line":12,"column":4},"end":{"line":12,"column":24}},"5":{"start":{"line":4,"column":13},"end":{"line":14,"column":null}},"6":{"start":{"line":4,"column":13},"end":{"line":4,"column":30}}},"fnMap":{"0":{"name":"(anonymous_1)","decl":{"start":{"line":5,"column":2},"end":{"line":5,"column":15}},"loc":{"start":{"line":5,"column":64},"end":{"line":7,"column":3}}},"1":{"name":"(anonymous_2)","decl":{"start":{"line":8,"column":2},"end":{"line":8,"column":17}},"loc":{"start":{"line":10,"column":47},"end":{"line":13,"column":3}}}},"branchMap":{},"s":{"0":1,"1":1,"2":1,"3":0,"4":0,"5":1,"6":1},"f":{"0":0,"1":0},"b":{}}
,"/Users/fortune/Projects/node-typescript-boilerplate/src/auth/constants/error.constant.ts": {"path":"/Users/fortune/Projects/node-typescript-boilerplate/src/auth/constants/error.constant.ts","statementMap":{"0":{"start":{"line":1,"column":0},"end":{"line":1,"column":76}},"1":{"start":{"line":2,"column":0},"end":{"line":2,"column":52}},"2":{"start":{"line":4,"column":13},"end":{"line":11,"column":2}}},"fnMap":{},"branchMap":{},"s":{"0":3,"1":3,"2":3},"f":{},"b":{}}
,"/Users/fortune/Projects/node-typescript-boilerplate/src/auth/constants/header.constant.ts": {"path":"/Users/fortune/Projects/node-typescript-boilerplate/src/auth/constants/header.constant.ts","statementMap":{"0":{"start":{"line":1,"column":13},"end":{"line":4,"column":2}}},"fnMap":{},"branchMap":{},"s":{"0":8},"f":{},"b":{}}
,"/Users/fortune/Projects/node-typescript-boilerplate/src/auth/dto/AuthResponse.ts": {"path":"/Users/fortune/Projects/node-typescript-boilerplate/src/auth/dto/AuthResponse.ts","statementMap":{"0":{"start":{"line":1,"column":0},"end":{"line":1,"column":51}},"1":{"start":{"line":5,"column":2},"end":{"line":5,"column":null}},"2":{"start":{"line":3,"column":0},"end":{"line":3,"column":13}}},"fnMap":{},"branchMap":{},"s":{"0":2,"1":2,"2":2},"f":{},"b":{}}
,"/Users/fortune/Projects/node-typescript-boilerplate/src/auth/dto/LoginInput.ts": {"path":"/Users/fortune/Projects/node-typescript-boilerplate/src/auth/dto/LoginInput.ts","statementMap":{"0":{"start":{"line":1,"column":0},"end":{"line":1,"column":51}},"1":{"start":{"line":2,"column":0},"end":{"line":2,"column":67}},"2":{"start":{"line":3,"column":0},"end":{"line":3,"column":55}},"3":{"start":{"line":11,"column":2},"end":{"line":11,"column":null}},"4":{"start":{"line":20,"column":2},"end":{"line":20,"column":null}},"5":{"start":{"line":4,"column":0},"end":{"line":4,"column":13}}},"fnMap":{},"branchMap":{},"s":{"0":2,"1":2,"2":2,"3":2,"4":2,"5":2},"f":{},"b":{}}
,"/Users/fortune/Projects/node-typescript-boilerplate/src/auth/dto/RegisterInput.ts": {"path":"/Users/fortune/Projects/node-typescript-boilerplate/src/auth/dto/RegisterInput.ts","statementMap":{"0":{"start":{"line":1,"column":0},"end":{"line":1,"column":51}},"1":{"start":{"line":2,"column":0},"end":{"line":2,"column":75}},"2":{"start":{"line":3,"column":0},"end":{"line":3,"column":55}},"3":{"start":{"line":12,"column":2},"end":{"line":12,"column":null}},"4":{"start":{"line":20,"column":2},"end":{"line":20,"column":null}},"5":{"start":{"line":26,"column":2},"end":{"line":26,"column":null}},"6":{"start":{"line":34,"column":2},"end":{"line":34,"column":null}},"7":{"start":{"line":41,"column":2},"end":{"line":41,"column":null}},"8":{"start":{"line":4,"column":0},"end":{"line":4,"column":13}}},"fnMap":{},"branchMap":{},"s":{"0":2,"1":2,"2":2,"3":2,"4":2,"5":2,"6":2,"7":2,"8":2},"f":{},"b":{}}
,"/Users/fortune/Projects/node-typescript-boilerplate/src/auth/dto/RegisterResponse.ts": {"path":"/Users/fortune/Projects/node-typescript-boilerplate/src/auth/dto/RegisterResponse.ts","statementMap":{"0":{"start":{"line":1,"column":0},"end":{"line":1,"column":50}},"1":{"start":{"line":7,"column":1},"end":{"line":7,"column":null}},"2":{"start":{"line":9,"column":1},"end":{"line":9,"column":null}},"3":{"start":{"line":5,"column":0},"end":{"line":5,"column":13}}},"fnMap":{},"branchMap":{},"s":{"0":2,"1":2,"2":2,"3":2},"f":{},"b":{}}
,"/Users/fortune/Projects/node-typescript-boilerplate/src/auth/dto/VerificationInput.ts": {"path":"/Users/fortune/Projects/node-typescript-boilerplate/src/auth/dto/VerificationInput.ts","statementMap":{"0":{"start":{"line":1,"column":0},"end":{"line":1,"column":51}},"1":{"start":{"line":2,"column":0},"end":{"line":2,"column":72}},"2":{"start":{"line":3,"column":0},"end":{"line":3,"column":55}},"3":{"start":{"line":11,"column":2},"end":{"line":11,"column":null}},"4":{"start":{"line":18,"column":2},"end":{"line":18,"column":null}},"5":{"start":{"line":25,"column":2},"end":{"line":25,"column":null}},"6":{"start":{"line":32,"column":2},"end":{"line":32,"column":null}},"7":{"start":{"line":4,"column":0},"end":{"line":4,"column":13}}},"fnMap":{},"branchMap":{},"s":{"0":2,"1":2,"2":2,"3":2,"4":2,"5":2,"6":2,"7":2},"f":{},"b":{}}
,"/Users/fortune/Projects/node-typescript-boilerplate/src/auth/guards/login.guard.ts": {"path":"/Users/fortune/Projects/node-typescript-boilerplate/src/auth/guards/login.guard.ts","statementMap":{"0":{"start":{"line":1,"column":0},"end":{"line":1,"column":null}},"1":{"start":{"line":8,"column":0},"end":{"line":8,"column":46}},"2":{"start":{"line":12,"column":0},"end":{"line":32,"column":null}},"3":{"start":{"line":13,"column":31},"end":{"line":13,"column":45}},"4":{"start":{"line":16,"column":20},"end":{"line":16,"column":55}},"5":{"start":{"line":17,"column":4},"end":{"line":17,"column":41}},"6":{"start":{"line":20,"column":30},"end":{"line":20,"column":42}},"7":{"start":{"line":21,"column":17},"end":{"line":23,"column":null}},"8":{"start":{"line":25,"column":4},"end":{"line":25,"column":24}},"9":{"start":{"line":27,"column":4},"end":{"line":29,"column":null}},"10":{"start":{"line":28,"column":6},"end":{"line":28,"column":40}},"11":{"start":{"line":30,"column":4},"end":{"line":30,"column":16}},"12":{"start":{"line":12,"column":13},"end":{"line":32,"column":null}},"13":{"start":{"line":12,"column":13},"end":{"line":12,"column":23}}},"fnMap":{"0":{"name":"(anonymous_2)","decl":{"start":{"line":13,"column":2},"end":{"line":13,"column":31}},"loc":{"start":{"line":13,"column":56},"end":{"line":13,"column":60}}},"1":{"name":"(anonymous_3)","decl":{"start":{"line":15,"column":2},"end":{"line":15,"column":7}},"loc":{"start":{"line":15,"column":45},"end":{"line":18,"column":3}}},"2":{"name":"(anonymous_4)","decl":{"start":{"line":19,"column":2},"end":{"line":19,"column":7}},"loc":{"start":{"line":19,"column":40},"end":{"line":31,"column":3}}}},"branchMap":{"0":{"loc":{"start":{"line":27,"column":4},"end":{"line":29,"column":null}},"type":"if","locations":[{"start":{"line":27,"column":4},"end":{"line":29,"column":null}},{"start":{"line":27,"column":4},"end":{"line":29,"column":null}}]}},"s":{"0":2,"1":2,"2":2,"3":1,"4":0,"5":0,"6":0,"7":0,"8":0,"9":0,"10":0,"11":0,"12":2,"13":2},"f":{"0":1,"1":0,"2":0},"b":{"0":[0,0]}}
,"/Users/fortune/Projects/node-typescript-boilerplate/src/auth/guards/tenant.guard.ts": {"path":"/Users/fortune/Projects/node-typescript-boilerplate/src/auth/guards/tenant.guard.ts","statementMap":{"0":{"start":{"line":1,"column":0},"end":{"line":1,"column":null}},"1":{"start":{"line":8,"column":0},"end":{"line":8,"column":33}},"2":{"start":{"line":9,"column":0},"end":{"line":9,"column":53}},"3":{"start":{"line":10,"column":0},"end":{"line":10,"column":63}},"4":{"start":{"line":11,"column":0},"end":{"line":11,"column":52}},"5":{"start":{"line":14,"column":0},"end":{"line":39,"column":null}},"6":{"start":{"line":17,"column":4},"end":{"line":17,"column":34}},"7":{"start":{"line":20,"column":20},"end":{"line":20,"column":55}},"8":{"start":{"line":21,"column":4},"end":{"line":21,"column":41}},"9":{"start":{"line":24,"column":21},"end":{"line":24,"column":64}},"10":{"start":{"line":25,"column":4},"end":{"line":27,"column":null}},"11":{"start":{"line":26,"column":6},"end":{"line":26,"column":35}},"12":{"start":{"line":28,"column":4},"end":{"line":30,"column":null}},"13":{"start":{"line":29,"column":6},"end":{"line":29,"column":34}},"14":{"start":{"line":31,"column":4},"end":{"line":36,"column":null}},"15":{"start":{"line":32,"column":21},"end":{"line":32,"column":63}},"16":{"start":{"line":33,"column":6},"end":{"line":35,"column":null}},"17":{"start":{"line":34,"column":8},"end":{"line":34,"column":42}},"18":{"start":{"line":37,"column":4},"end":{"line":37,"column":16}},"19":{"start":{"line":14,"column":13},"end":{"line":39,"column":null}},"20":{"start":{"line":14,"column":13},"end":{"line":14,"column":24}}},"fnMap":{"0":{"name":"(anonymous_2)","decl":{"start":{"line":16,"column":2},"end":{"line":16,"column":14}},"loc":{"start":{"line":16,"column":40},"end":{"line":18,"column":3}}},"1":{"name":"(anonymous_3)","decl":{"start":{"line":19,"column":2},"end":{"line":19,"column":13}},"loc":{"start":{"line":19,"column":39},"end":{"line":22,"column":3}}},"2":{"name":"(anonymous_4)","decl":{"start":{"line":23,"column":2},"end":{"line":23,"column":7}},"loc":{"start":{"line":23,"column":40},"end":{"line":38,"column":3}}}},"branchMap":{"0":{"loc":{"start":{"line":16,"column":36},"end":{"line":16,"column":40}},"type":"default-arg","locations":[{"start":{"line":16,"column":36},"end":{"line":16,"column":40}}]},"1":{"loc":{"start":{"line":25,"column":4},"end":{"line":27,"column":null}},"type":"if","locations":[{"start":{"line":25,"column":4},"end":{"line":27,"column":null}},{"start":{"line":25,"column":4},"end":{"line":27,"column":null}}]},"2":{"loc":{"start":{"line":25,"column":8},"end":{"line":25,"column":24}},"type":"binary-expr","locations":[{"start":{"line":25,"column":8},"end":{"line":25,"column":24}},{"start":{"line":25,"column":28},"end":{"line":25,"column":37}}]},"3":{"loc":{"start":{"line":28,"column":4},"end":{"line":30,"column":null}},"type":"if","locations":[{"start":{"line":28,"column":4},"end":{"line":30,"column":null}},{"start":{"line":28,"column":4},"end":{"line":30,"column":null}}]},"4":{"loc":{"start":{"line":28,"column":8},"end":{"line":28,"column":16}},"type":"binary-expr","locations":[{"start":{"line":28,"column":8},"end":{"line":28,"column":16}},{"start":{"line":28,"column":20},"end":{"line":28,"column":53}}]},"5":{"loc":{"start":{"line":31,"column":4},"end":{"line":36,"column":null}},"type":"if","locations":[{"start":{"line":31,"column":4},"end":{"line":36,"column":null}},{"start":{"line":31,"column":4},"end":{"line":36,"column":null}}]},"6":{"loc":{"start":{"line":33,"column":6},"end":{"line":35,"column":null}},"type":"if","locations":[{"start":{"line":33,"column":6},"end":{"line":35,"column":null}},{"start":{"line":33,"column":6},"end":{"line":35,"column":null}}]}},"s":{"0":2,"1":2,"2":2,"3":2,"4":2,"5":2,"6":6,"7":0,"8":0,"9":0,"10":0,"11":0,"12":0,"13":0,"14":0,"15":0,"16":0,"17":0,"18":0,"19":2,"20":2},"f":{"0":6,"1":0,"2":0},"b":{"0":[4],"1":[0,0],"2":[0,0],"3":[0,0],"4":[0,0],"5":[0,0],"6":[0,0]}}
,"/Users/fortune/Projects/node-typescript-boilerplate/src/auth/strategies/jwt.strategy.ts": {"path":"/Users/fortune/Projects/node-typescript-boilerplate/src/auth/strategies/jwt.strategy.ts","statementMap":{"0":{"start":{"line":1,"column":0},"end":{"line":1,"column":44}},"1":{"start":{"line":2,"column":0},"end":{"line":2,"column":52}},"2":{"start":{"line":3,"column":0},"end":{"line":3,"column":52}},"3":{"start":{"line":6,"column":0},"end":{"line":18,"column":null}},"4":{"start":{"line":8,"column":4},"end":{"line":12,"column":7}},"5":{"start":{"line":16,"column":4},"end":{"line":16,"column":63}},"6":{"start":{"line":6,"column":13},"end":{"line":18,"column":null}},"7":{"start":{"line":6,"column":13},"end":{"line":6,"column":24}}},"fnMap":{"0":{"name":"(anonymous_2)","decl":{"start":{"line":7,"column":2},"end":{"line":7,"column":null}},"loc":{"start":{"line":7,"column":2},"end":{"line":13,"column":3}}},"1":{"name":"(anonymous_3)","decl":{"start":{"line":15,"column":2},"end":{"line":15,"column":7}},"loc":{"start":{"line":15,"column":29},"end":{"line":17,"column":3}}}},"branchMap":{},"s":{"0":1,"1":1,"2":1,"3":1,"4":1,"5":0,"6":1,"7":1},"f":{"0":1,"1":0},"b":{}}
,"/Users/fortune/Projects/node-typescript-boilerplate/src/config/config.module.ts": {"path":"/Users/fortune/Projects/node-typescript-boilerplate/src/config/config.module.ts","statementMap":{"0":{"start":{"line":1,"column":0},"end":{"line":1,"column":40}},"1":{"start":{"line":2,"column":0},"end":{"line":2,"column":49}},"2":{"start":{"line":15,"column":0},"end":{"line":15,"column":null}},"3":{"start":{"line":15,"column":13},"end":{"line":15,"column":null}},"4":{"start":{"line":15,"column":13},"end":{"line":15,"column":25}}},"fnMap":{},"branchMap":{"0":{"loc":{"start":{"line":9,"column":11},"end":{"line":9,"column":31}},"type":"binary-expr","locations":[{"start":{"line":9,"column":11},"end":{"line":9,"column":31}},{"start":{"line":9,"column":35},"end":{"line":9,"column":48}}]}},"s":{"0":5,"1":5,"2":5,"3":5,"4":5},"f":{},"b":{"0":[5,0]}}
,"/Users/fortune/Projects/node-typescript-boilerplate/src/config/config.service.ts": {"path":"/Users/fortune/Projects/node-typescript-boilerplate/src/config/config.service.ts","statementMap":{"0":{"start":{"line":1,"column":0},"end":{"line":1,"column":33}},"1":{"start":{"line":2,"column":0},"end":{"line":2,"column":33}},"2":{"start":{"line":3,"column":0},"end":{"line":3,"column":25}},"3":{"start":{"line":20,"column":2},"end":{"line":20,"column":72}},"4":{"start":{"line":21,"column":17},"end":{"line":21,"column":56}},"5":{"start":{"line":22,"column":2},"end":{"line":22,"column":55}},"6":{"start":{"line":23,"column":2},"end":{"line":23,"column":41}},"7":{"start":{"line":31,"column":42},"end":{"line":41,"column":4}},"8":{"start":{"line":43,"column":27},"end":{"line":43,"column":60}},"9":{"start":{"line":44,"column":2},"end":{"line":46,"column":null}},"10":{"start":{"line":45,"column":3},"end":{"line":45,"column":64}},"11":{"start":{"line":47,"column":2},"end":{"line":47,"column":27}},"12":{"start":{"line":49,"column":2},"end":{"line":57,"column":4}},"13":{"start":{"line":60,"column":2},"end":{"line":60,"column":22}},"14":{"start":{"line":63,"column":2},"end":{"line":63,"column":59}},"15":{"start":{"line":15,"column":0},"end":{"line":15,"column":13}}},"fnMap":{"0":{"name":"(anonymous_0)","decl":{"start":{"line":19,"column":1},"end":{"line":19,"column":13}},"loc":{"start":{"line":19,"column":29},"end":{"line":24,"column":2}}},"1":{"name":"(anonymous_1)","decl":{"start":{"line":30,"column":9},"end":{"line":30,"column":22}},"loc":{"start":{"line":30,"column":58},"end":{"line":58,"column":2}}},"2":{"name":"(anonymous_2)","decl":{"start":{"line":59,"column":1},"end":{"line":59,"column":5}},"loc":{"start":{"line":59,"column":8},"end":{"line":61,"column":2}}},"3":{"name":"(anonymous_3)","decl":{"start":{"line":62,"column":1},"end":{"line":62,"column":5}},"loc":{"start":{"line":62,"column":21},"end":{"line":64,"column":2}}}},"branchMap":{"0":{"loc":{"start":{"line":20,"column":13},"end":{"line":20,"column":21}},"type":"binary-expr","locations":[{"start":{"line":20,"column":13},"end":{"line":20,"column":21}},{"start":{"line":20,"column":25},"end":{"line":20,"column":71}}]},"1":{"loc":{"start":{"line":20,"column":28},"end":{"line":20,"column":48}},"type":"binary-expr","locations":[{"start":{"line":20,"column":28},"end":{"line":20,"column":48}},{"start":{"line":20,"column":52},"end":{"line":20,"column":65}}]},"2":{"loc":{"start":{"line":44,"column":2},"end":{"line":46,"column":null}},"type":"if","locations":[{"start":{"line":44,"column":2},"end":{"line":46,"column":null}},{"start":{"line":44,"column":2},"end":{"line":46,"column":null}}]}},"s":{"0":7,"1":7,"2":7,"3":6,"4":6,"5":6,"6":6,"7":6,"8":6,"9":6,"10":0,"11":6,"12":6,"13":13,"14":0,"15":7},"f":{"0":6,"1":6,"2":13,"3":0},"b":{"0":[6,0],"1":[0,0],"2":[0,6]}}
,"/Users/fortune/Projects/node-typescript-boilerplate/src/db/repos/base.repo.ts": {"path":"/Users/fortune/Projects/node-typescript-boilerplate/src/db/repos/base.repo.ts","statementMap":{"0":{"start":{"line":1,"column":0},"end":{"line":1,"column":66}},"1":{"start":{"line":2,"column":0},"end":{"line":2,"column":38}},"2":{"start":{"line":3,"column":0},"end":{"line":3,"column":57}},"3":{"start":{"line":5,"column":0},"end":{"line":5,"column":42}},"4":{"start":{"line":7,"column":0},"end":{"line":7,"column":70}},"5":{"start":{"line":12,"column":0},"end":{"line":298,"column":null}},"6":{"start":{"line":275,"column":9},"end":{"line":284,"column":3}},"7":{"start":{"line":276,"column":2},"end":{"line":280,"column":null}},"8":{"start":{"line":277,"column":31},"end":{"line":277,"column":33}},"9":{"start":{"line":279,"column":3},"end":{"line":279,"column":49}},"10":{"start":{"line":281,"column":26},"end":{"line":281,"column":38}},"11":{"start":{"line":283,"column":2},"end":{"line":283,"column":55}},"12":{"start":{"line":19,"column":2},"end":{"line":19,"column":21}},"13":{"start":{"line":20,"column":2},"end":{"line":20,"column":20}},"14":{"start":{"line":24,"column":16},"end":{"line":28,"column":null}},"15":{"start":{"line":30,"column":2},"end":{"line":37,"column":5}},"16":{"start":{"line":31,"column":3},"end":{"line":36,"column":6}},"17":{"start":{"line":32,"column":4},"end":{"line":34,"column":null}},"18":{"start":{"line":33,"column":5},"end":{"line":33,"column":24}},"19":{"start":{"line":35,"column":4},"end":{"line":35,"column":54}},"20":{"start":{"line":48,"column":16},"end":{"line":53,"column":null}},"21":{"start":{"line":55,"column":2},"end":{"line":57,"column":null}},"22":{"start":{"line":56,"column":3},"end":{"line":56,"column":22}},"23":{"start":{"line":59,"column":2},"end":{"line":59,"column":41}},"24":{"start":{"line":60,"column":2},"end":{"line":60,"column":44}},"25":{"start":{"line":61,"column":2},"end":{"line":77,"column":null}},"26":{"start":{"line":62,"column":29},"end":{"line":71,"column":5}},"27":{"start":{"line":72,"column":17},"end":{"line":72,"column":50}},"28":{"start":{"line":73,"column":3},"end":{"line":73,"column":32}},"29":{"start":{"line":75,"column":3},"end":{"line":75,"column":23}},"30":{"start":{"line":76,"column":3},"end":{"line":76,"column":26}},"31":{"start":{"line":80,"column":16},"end":{"line":85,"column":null}},"32":{"start":{"line":88,"column":2},"end":{"line":98,"column":5}},"33":{"start":{"line":89,"column":3},"end":{"line":97,"column":6}},"34":{"start":{"line":90,"column":4},"end":{"line":92,"column":null}},"35":{"start":{"line":91,"column":5},"end":{"line":91,"column":24}},"36":{"start":{"line":93,"column":4},"end":{"line":95,"column":null}},"37":{"start":{"line":94,"column":5},"end":{"line":94,"column":22}},"38":{"start":{"line":96,"column":4},"end":{"line":96,"column":45}},"39":{"start":{"line":101,"column":2},"end":{"line":112,"column":5}},"40":{"start":{"line":102,"column":3},"end":{"line":111,"column":6}},"41":{"start":{"line":103,"column":4},"end":{"line":105,"column":null}},"42":{"start":{"line":104,"column":5},"end":{"line":104,"column":24}},"43":{"start":{"line":106,"column":4},"end":{"line":108,"column":null}},"44":{"start":{"line":107,"column":5},"end":{"line":107,"column":22}},"45":{"start":{"line":110,"column":4},"end":{"line":110,"column":52}},"46":{"start":{"line":116,"column":22},"end":{"line":116,"column":43}},"47":{"start":{"line":117,"column":2},"end":{"line":152,"column":5}},"48":{"start":{"line":118,"column":3},"end":{"line":151,"column":null}},"49":{"start":{"line":119,"column":18},"end":{"line":125,"column":null}},"50":{"start":{"line":127,"column":4},"end":{"line":127,"column":40}},"51":{"start":{"line":127,"column":22},"end":{"line":127,"column":40}},"52":{"start":{"line":128,"column":4},"end":{"line":137,"column":7}},"53":{"start":{"line":129,"column":5},"end":{"line":131,"column":null}},"54":{"start":{"line":130,"column":6},"end":{"line":130,"column":25}},"55":{"start":{"line":132,"column":5},"end":{"line":134,"column":null}},"56":{"start":{"line":133,"column":6},"end":{"line":133,"column":23}},"57":{"start":{"line":135,"column":5},"end":{"line":135,"column":46}},"58":{"start":{"line":136,"column":5},"end":{"line":136,"column":15}},"59":{"start":{"line":139,"column":4},"end":{"line":141,"column":null}},"60":{"start":{"line":140,"column":5},"end":{"line":140,"column":55}},"61":{"start":{"line":142,"column":21},"end":{"line":142,"column":40}},"62":{"start":{"line":143,"column":4},"end":{"line":143,"column":69}},"63":{"start":{"line":145,"column":4},"end":{"line":150,"column":7}},"64":{"start":{"line":146,"column":5},"end":{"line":146,"column":33}},"65":{"start":{"line":146,"column":14},"end":{"line":146,"column":33}},"66":{"start":{"line":148,"column":5},"end":{"line":148,"column":46}},"67":{"start":{"line":149,"column":5},"end":{"line":149,"column":15}},"68":{"start":{"line":155,"column":2},"end":{"line":162,"column":null}},"69":{"start":{"line":156,"column":17},"end":{"line":156,"column":50}},"70":{"start":{"line":157,"column":3},"end":{"line":157,"column":19}},"71":{"start":{"line":158,"column":3},"end":{"line":158,"column":42}},"72":{"start":{"line":160,"column":3},"end":{"line":160,"column":23}},"73":{"start":{"line":161,"column":3},"end":{"line":161,"column":26}},"74":{"start":{"line":165,"column":16},"end":{"line":170,"column":null}},"75":{"start":{"line":172,"column":2},"end":{"line":179,"column":5}},"76":{"start":{"line":173,"column":3},"end":{"line":178,"column":6}},"77":{"start":{"line":174,"column":4},"end":{"line":176,"column":null}},"78":{"start":{"line":175,"column":5},"end":{"line":175,"column":24}},"79":{"start":{"line":177,"column":4},"end":{"line":177,"column":47}},"80":{"start":{"line":183,"column":2},"end":{"line":189,"column":4}},"81":{"start":{"line":190,"column":2},"end":{"line":200,"column":5}},"82":{"start":{"line":191,"column":3},"end":{"line":199,"column":6}},"83":{"start":{"line":192,"column":4},"end":{"line":194,"column":null}},"84":{"start":{"line":193,"column":5},"end":{"line":193,"column":24}},"85":{"start":{"line":195,"column":4},"end":{"line":197,"column":null}},"86":{"start":{"line":196,"column":5},"end":{"line":196,"column":22}},"87":{"start":{"line":198,"column":4},"end":{"line":198,"column":47}},"88":{"start":{"line":203,"column":2},"end":{"line":209,"column":4}},"89":{"start":{"line":210,"column":2},"end":{"line":220,"column":5}},"90":{"start":{"line":211,"column":3},"end":{"line":219,"column":6}},"91":{"start":{"line":212,"column":4},"end":{"line":214,"column":null}},"92":{"start":{"line":213,"column":5},"end":{"line":213,"column":24}},"93":{"start":{"line":215,"column":4},"end":{"line":217,"column":null}},"94":{"start":{"line":216,"column":5},"end":{"line":216,"column":22}},"95":{"start":{"line":218,"column":4},"end":{"line":218,"column":45}},"96":{"start":{"line":223,"column":17},"end":{"line":223,"column":40}},"97":{"start":{"line":224,"column":2},"end":{"line":226,"column":null}},"98":{"start":{"line":225,"column":3},"end":{"line":225,"column":16}},"99":{"start":{"line":228,"column":2},"end":{"line":228,"column":18}},"100":{"start":{"line":229,"column":20},"end":{"line":229,"column":40}},"101":{"start":{"line":230,"column":2},"end":{"line":230,"column":46}},"102":{"start":{"line":231,"column":2},"end":{"line":231,"column":39}},"103":{"start":{"line":232,"column":2},"end":{"line":232,"column":14}},"104":{"start":{"line":239,"column":2},"end":{"line":245,"column":4}},"105":{"start":{"line":246,"column":2},"end":{"line":256,"column":5}},"106":{"start":{"line":247,"column":3},"end":{"line":255,"column":6}},"107":{"start":{"line":248,"column":4},"end":{"line":250,"column":null}},"108":{"start":{"line":249,"column":5},"end":{"line":249,"column":24}},"109":{"start":{"line":251,"column":4},"end":{"line":253,"column":null}},"110":{"start":{"line":252,"column":5},"end":{"line":252,"column":22}},"111":{"start":{"line":254,"column":4},"end":{"line":254,"column":52}},"112":{"start":{"line":286,"column":17},"end":{"line":286,"column":75}},"113":{"start":{"line":287,"column":2},"end":{"line":289,"column":null}},"114":{"start":{"line":288,"column":3},"end":{"line":288,"column":20}},"115":{"start":{"line":291,"column":2},"end":{"line":291,"column":55}},"116":{"start":{"line":294,"column":15},"end":{"line":294,"column":36}},"117":{"start":{"line":295,"column":2},"end":{"line":295,"column":29}},"118":{"start":{"line":17,"column":1},"end":{"line":17,"column":null}},"119":{"start":{"line":12,"column":13},"end":{"line":298,"column":null}},"120":{"start":{"line":12,"column":13},"end":{"line":12,"column":27}}},"fnMap":{"0":{"name":"(anonymous_2)","decl":{"start":{"line":18,"column":1},"end":{"line":18,"column":20}},"loc":{"start":{"line":18,"column":61},"end":{"line":21,"column":2}}},"1":{"name":"(anonymous_3)","decl":{"start":{"line":275,"column":22},"end":{"line":275,"column":23}},"loc":{"start":{"line":275,"column":72},"end":{"line":284,"column":2}}},"2":{"name":"(anonymous_4)","decl":{"start":{"line":23,"column":8},"end":{"line":23,"column":13}},"loc":{"start":{"line":23,"column":21},"end":{"line":38,"column":2}}},"3":{"name":"(anonymous_5)","decl":{"start":{"line":30,"column":32},"end":{"line":30,"column":33}},"loc":{"start":{"line":30,"column":52},"end":{"line":37,"column":3}}},"4":{"name":"(anonymous_6)","decl":{"start":{"line":31,"column":26},"end":{"line":31,"column":27}},"loc":{"start":{"line":31,"column":39},"end":{"line":36,"column":4}}},"5":{"name":"(anonymous_7)","decl":{"start":{"line":39,"column":8},"end":{"line":39,"column":13}},"loc":{"start":{"line":47,"column":2},"end":{"line":78,"column":2}}},"6":{"name":"(anonymous_8)","decl":{"start":{"line":79,"column":8},"end":{"line":79,"column":13}},"loc":{"start":{"line":79,"column":33},"end":{"line":99,"column":2}}},"7":{"name":"(anonymous_9)","decl":{"start":{"line":88,"column":30},"end":{"line":88,"column":31}},"loc":{"start":{"line":88,"column":50},"end":{"line":98,"column":3}}},"8":{"name":"(anonymous_10)","decl":{"start":{"line":89,"column":29},"end":{"line":89,"column":30}},"loc":{"start":{"line":89,"column":42},"end":{"line":97,"column":4}}},"9":{"name":"(anonymous_11)","decl":{"start":{"line":100,"column":1},"end":{"line":100,"column":13}},"loc":{"start":{"line":100,"column":24},"end":{"line":113,"column":2}}},"10":{"name":"(anonymous_12)","decl":{"start":{"line":101,"column":30},"end":{"line":101,"column":31}},"loc":{"start":{"line":101,"column":50},"end":{"line":112,"column":3}}},"11":{"name":"(anonymous_13)","decl":{"start":{"line":102,"column":27},"end":{"line":102,"column":28}},"loc":{"start":{"line":102,"column":40},"end":{"line":111,"column":4}}},"12":{"name":"(anonymous_14)","decl":{"start":{"line":115,"column":8},"end":{"line":115,"column":13}},"loc":{"start":{"line":115,"column":41},"end":{"line":153,"column":2}}},"13":{"name":"(anonymous_15)","decl":{"start":{"line":117,"column":27},"end":{"line":117,"column":28}},"loc":{"start":{"line":117,"column":47},"end":{"line":152,"column":3}}},"14":{"name":"(anonymous_16)","decl":{"start":{"line":128,"column":60},"end":{"line":128,"column":61}},"loc":{"start":{"line":128,"column":73},"end":{"line":137,"column":5}}},"15":{"name":"(anonymous_17)","decl":{"start":{"line":145,"column":18},"end":{"line":145,"column":19}},"loc":{"start":{"line":145,"column":31},"end":{"line":150,"column":5}}},"16":{"name":"(anonymous_18)","decl":{"start":{"line":154,"column":8},"end":{"line":154,"column":13}},"loc":{"start":{"line":154,"column":40},"end":{"line":163,"column":2}}},"17":{"name":"(anonymous_19)","decl":{"start":{"line":164,"column":8},"end":{"line":164,"column":20}},"loc":{"start":{"line":164,"column":34},"end":{"line":180,"column":2}}},"18":{"name":"(anonymous_20)","decl":{"start":{"line":172,"column":32},"end":{"line":172,"column":33}},"loc":{"start":{"line":172,"column":52},"end":{"line":179,"column":3}}},"19":{"name":"(anonymous_21)","decl":{"start":{"line":173,"column":26},"end":{"line":173,"column":27}},"loc":{"start":{"line":173,"column":39},"end":{"line":178,"column":4}}},"20":{"name":"(anonymous_22)","decl":{"start":{"line":182,"column":8},"end":{"line":182,"column":23}},"loc":{"start":{"line":182,"column":45},"end":{"line":201,"column":2}}},"21":{"name":"(anonymous_23)","decl":{"start":{"line":190,"column":32},"end":{"line":190,"column":33}},"loc":{"start":{"line":190,"column":52},"end":{"line":200,"column":3}}},"22":{"name":"(anonymous_24)","decl":{"start":{"line":191,"column":26},"end":{"line":191,"column":27}},"loc":{"start":{"line":191,"column":39},"end":{"line":199,"column":4}}},"23":{"name":"(anonymous_25)","decl":{"start":{"line":202,"column":8},"end":{"line":202,"column":13}},"loc":{"start":{"line":202,"column":50},"end":{"line":221,"column":2}}},"24":{"name":"(anonymous_26)","decl":{"start":{"line":210,"column":30},"end":{"line":210,"column":31}},"loc":{"start":{"line":210,"column":50},"end":{"line":220,"column":3}}},"25":{"name":"(anonymous_27)","decl":{"start":{"line":211,"column":29},"end":{"line":211,"column":30}},"loc":{"start":{"line":211,"column":42},"end":{"line":219,"column":4}}},"26":{"name":"(anonymous_28)","decl":{"start":{"line":222,"column":1},"end":{"line":222,"column":6}},"loc":{"start":{"line":222,"column":28},"end":{"line":233,"column":2}}},"27":{"name":"(anonymous_29)","decl":{"start":{"line":235,"column":1},"end":{"line":235,"column":24}},"loc":{"start":{"line":237,"column":35},"end":{"line":257,"column":2}}},"28":{"name":"(anonymous_30)","decl":{"start":{"line":246,"column":30},"end":{"line":246,"column":31}},"loc":{"start":{"line":246,"column":50},"end":{"line":256,"column":3}}},"29":{"name":"(anonymous_31)","decl":{"start":{"line":247,"column":61},"end":{"line":247,"column":62}},"loc":{"start":{"line":247,"column":74},"end":{"line":255,"column":4}}},"30":{"name":"(anonymous_32)","decl":{"start":{"line":285,"column":9},"end":{"line":285,"column":25}},"loc":{"start":{"line":285,"column":25},"end":{"line":292,"column":2}}},"31":{"name":"(anonymous_33)","decl":{"start":{"line":293,"column":9},"end":{"line":293,"column":23}},"loc":{"start":{"line":293,"column":23},"end":{"line":296,"column":2}}}},"branchMap":{"0":{"loc":{"start":{"line":276,"column":2},"end":{"line":280,"column":null}},"type":"if","locations":[{"start":{"line":276,"column":2},"end":{"line":280,"column":null}},{"start":{"line":276,"column":2},"end":{"line":280,"column":null}}]},"1":{"loc":{"start":{"line":32,"column":4},"end":{"line":34,"column":null}},"type":"if","locations":[{"start":{"line":32,"column":4},"end":{"line":34,"column":null}},{"start":{"line":32,"column":4},"end":{"line":34,"column":null}}]},"2":{"loc":{"start":{"line":55,"column":2},"end":{"line":57,"column":null}},"type":"if","locations":[{"start":{"line":55,"column":2},"end":{"line":57,"column":null}},{"start":{"line":55,"column":2},"end":{"line":57,"column":null}}]},"3":{"loc":{"start":{"line":59,"column":20},"end":{"line":59,"column":21}},"type":"cond-expr","locations":[{"start":{"line":59,"column":20},"end":{"line":59,"column":21}},{"start":{"line":59,"column":24},"end":{"line":59,"column":40}}]},"4":{"loc":{"start":{"line":60,"column":22},"end":{"line":60,"column":23}},"type":"cond-expr","locations":[{"start":{"line":60,"column":22},"end":{"line":60,"column":23}},{"start":{"line":60,"column":26},"end":{"line":60,"column":43}}]},"5":{"loc":{"start":{"line":90,"column":4},"end":{"line":92,"column":null}},"type":"if","locations":[{"start":{"line":90,"column":4},"end":{"line":92,"column":null}},{"start":{"line":90,"column":4},"end":{"line":92,"column":null}}]},"6":{"loc":{"start":{"line":93,"column":4},"end":{"line":95,"column":null}},"type":"if","locations":[{"start":{"line":93,"column":4},"end":{"line":95,"column":null}},{"start":{"line":93,"column":4},"end":{"line":95,"column":null}}]},"7":{"loc":{"start":{"line":103,"column":4},"end":{"line":105,"column":null}},"type":"if","locations":[{"start":{"line":103,"column":4},"end":{"line":105,"column":null}},{"start":{"line":103,"column":4},"end":{"line":105,"column":null}}]},"8":{"loc":{"start":{"line":106,"column":4},"end":{"line":108,"column":null}},"type":"if","locations":[{"start":{"line":106,"column":4},"end":{"line":108,"column":null}},{"start":{"line":106,"column":4},"end":{"line":108,"column":null}}]},"9":{"loc":{"start":{"line":118,"column":3},"end":{"line":151,"column":null}},"type":"if","locations":[{"start":{"line":118,"column":3},"end":{"line":151,"column":null}},{"start":{"line":118,"column":3},"end":{"line":151,"column":null}}]},"10":{"loc":{"start":{"line":127,"column":4},"end":{"line":127,"column":40}},"type":"if","locations":[{"start":{"line":127,"column":4},"end":{"line":127,"column":40}},{"start":{"line":127,"column":4},"end":{"line":127,"column":40}}]},"11":{"loc":{"start":{"line":129,"column":5},"end":{"line":131,"column":null}},"type":"if","locations":[{"start":{"line":129,"column":5},"end":{"line":131,"column":null}},{"start":{"line":129,"column":5},"end":{"line":131,"column":null}}]},"12":{"loc":{"start":{"line":132,"column":5},"end":{"line":134,"column":null}},"type":"if","locations":[{"start":{"line":132,"column":5},"end":{"line":134,"column":null}},{"start":{"line":132,"column":5},"end":{"line":134,"column":null}}]},"13":{"loc":{"start":{"line":139,"column":4},"end":{"line":141,"column":null}},"type":"if","locations":[{"start":{"line":139,"column":4},"end":{"line":141,"column":null}},{"start":{"line":139,"column":4},"end":{"line":141,"column":null}}]},"14":{"loc":{"start":{"line":143,"column":30},"end":{"line":143,"column":51}},"type":"binary-expr","locations":[{"start":{"line":143,"column":30},"end":{"line":143,"column":51}},{"start":{"line":143,"column":55},"end":{"line":143,"column":67}}]},"15":{"loc":{"start":{"line":146,"column":5},"end":{"line":146,"column":33}},"type":"if","locations":[{"start":{"line":146,"column":5},"end":{"line":146,"column":33}},{"start":{"line":146,"column":5},"end":{"line":146,"column":33}}]},"16":{"loc":{"start":{"line":174,"column":4},"end":{"line":176,"column":null}},"type":"if","locations":[{"start":{"line":174,"column":4},"end":{"line":176,"column":null}},{"start":{"line":174,"column":4},"end":{"line":176,"column":null}}]},"17":{"loc":{"start":{"line":192,"column":4},"end":{"line":194,"column":null}},"type":"if","locations":[{"start":{"line":192,"column":4},"end":{"line":194,"column":null}},{"start":{"line":192,"column":4},"end":{"line":194,"column":null}}]},"18":{"loc":{"start":{"line":195,"column":4},"end":{"line":197,"column":null}},"type":"if","locations":[{"start":{"line":195,"column":4},"end":{"line":197,"column":null}},{"start":{"line":195,"column":4},"end":{"line":197,"column":null}}]},"19":{"loc":{"start":{"line":212,"column":4},"end":{"line":214,"column":null}},"type":"if","locations":[{"start":{"line":212,"column":4},"end":{"line":214,"column":null}},{"start":{"line":212,"column":4},"end":{"line":214,"column":null}}]},"20":{"loc":{"start":{"line":215,"column":4},"end":{"line":217,"column":null}},"type":"if","locations":[{"start":{"line":215,"column":4},"end":{"line":217,"column":null}},{"start":{"line":215,"column":4},"end":{"line":217,"column":null}}]},"21":{"loc":{"start":{"line":224,"column":2},"end":{"line":226,"column":null}},"type":"if","locations":[{"start":{"line":224,"column":2},"end":{"line":226,"column":null}},{"start":{"line":224,"column":2},"end":{"line":226,"column":null}}]},"22":{"loc":{"start":{"line":248,"column":4},"end":{"line":250,"column":null}},"type":"if","locations":[{"start":{"line":248,"column":4},"end":{"line":250,"column":null}},{"start":{"line":248,"column":4},"end":{"line":250,"column":null}}]},"23":{"loc":{"start":{"line":251,"column":4},"end":{"line":253,"column":null}},"type":"if","locations":[{"start":{"line":251,"column":4},"end":{"line":253,"column":null}},{"start":{"line":251,"column":4},"end":{"line":253,"column":null}}]},"24":{"loc":{"start":{"line":286,"column":17},"end":{"line":286,"column":26}},"type":"binary-expr","locations":[{"start":{"line":286,"column":17},"end":{"line":286,"column":26}},{"start":{"line":286,"column":30},"end":{"line":286,"column":75}}]},"25":{"loc":{"start":{"line":287,"column":2},"end":{"line":289,"column":null}},"type":"if","locations":[{"start":{"line":287,"column":2},"end":{"line":289,"column":null}},{"start":{"line":287,"column":2},"end":{"line":289,"column":null}}]},"26":{"loc":{"start":{"line":291,"column":36},"end":{"line":291,"column":42}},"type":"cond-expr","locations":[{"start":{"line":291,"column":36},"end":{"line":291,"column":42}},{"start":{"line":291,"column":45},"end":{"line":291,"column":54}}]},"27":{"loc":{"start":{"line":295,"column":9},"end":{"line":295,"column":13}},"type":"binary-expr","locations":[{"start":{"line":295,"column":9},"end":{"line":295,"column":13}},{"start":{"line":295,"column":17},"end":{"line":295,"column":28}}]}},"s":{"0":6,"1":6,"2":6,"3":6,"4":6,"5":6,"6":0,"7":0,"8":0,"9":0,"10":0,"11":0,"12":0,"13":0,"14":0,"15":0,"16":0,"17":0,"18":0,"19":0,"20":0,"21":0,"22":0,"23":0,"24":0,"25":0,"26":0,"27":0,"28":0,"29":0,"30":0,"31":0,"32":0,"33":0,"34":0,"35":0,"36":0,"37":0,"38":0,"39":0,"40":0,"41":0,"42":0,"43":0,"44":0,"45":0,"46":0,"47":0,"48":0,"49":0,"50":0,"51":0,"52":0,"53":0,"54":0,"55":0,"56":0,"57":0,"58":0,"59":0,"60":0,"61":0,"62":0,"63":0,"64":0,"65":0,"66":0,"67":0,"68":0,"69":0,"70":0,"71":0,"72":0,"73":0,"74":0,"75":0,"76":0,"77":0,"78":0,"79":0,"80":0,"81":0,"82":0,"83":0,"84":0,"85":0,"86":0,"87":0,"88":0,"89":0,"90":0,"91":0,"92":0,"93":0,"94":0,"95":0,"96":0,"97":0,"98":0,"99":0,"100":0,"101":0,"102":0,"103":0,"104":0,"105":0,"106":0,"107":0,"108":0,"109":0,"110":0,"111":0,"112":0,"113":0,"114":0,"115":0,"116":0,"117":0,"118":6,"119":6,"120":6},"f":{"0":0,"1":0,"2":0,"3":0,"4":0,"5":0,"6":0,"7":0,"8":0,"9":0,"10":0,"11":0,"12":0,"13":0,"14":0,"15":0,"16":0,"17":0,"18":0,"19":0,"20":0,"21":0,"22":0,"23":0,"24":0,"25":0,"26":0,"27":0,"28":0,"29":0,"30":0,"31":0},"b":{"0":[0,0],"1":[0,0],"2":[0,0],"3":[0,0],"4":[0,0],"5":[0,0],"6":[0,0],"7":[0,0],"8":[0,0],"9":[0,0],"10":[0,0],"11":[0,0],"12":[0,0],"13":[0,0],"14":[0,0],"15":[0,0],"16":[0,0],"17":[0,0],"18":[0,0],"19":[0,0],"20":[0,0],"21":[0,0],"22":[0,0],"23":[0,0],"24":[0,0],"25":[0,0],"26":[0,0],"27":[0,0]}}
,"/Users/fortune/Projects/node-typescript-boilerplate/src/db/repos/pw_reset.repo.ts": {"path":"/Users/fortune/Projects/node-typescript-boilerplate/src/db/repos/pw_reset.repo.ts","statementMap":{"0":{"start":{"line":2,"column":0},"end":{"line":2,"column":46}},"1":{"start":{"line":5,"column":0},"end":{"line":5,"column":66}},"2":{"start":{"line":6,"column":0},"end":{"line":6,"column":44}},"3":{"start":{"line":8,"column":0},"end":{"line":18,"column":null}},"4":{"start":{"line":16,"column":2},"end":{"line":16,"column":48}},"5":{"start":{"line":16,"column":23},"end":{"line":16,"column":46}},"6":{"start":{"line":14,"column":19},"end":{"line":14,"column":69}},"7":{"start":{"line":8,"column":13},"end":{"line":18,"column":null}},"8":{"start":{"line":8,"column":13},"end":{"line":8,"column":34}}},"fnMap":{"0":{"name":"(anonymous_4)","decl":{"start":{"line":12,"column":1},"end":{"line":12,"column":null}},"loc":{"start":{"line":14,"column":69},"end":{"line":17,"column":2}}},"1":{"name":"(anonymous_5)","decl":{"start":{"line":16,"column":17},"end":{"line":16,"column":20}},"loc":{"start":{"line":16,"column":23},"end":{"line":16,"column":46}}}},"branchMap":{},"s":{"0":2,"1":2,"2":2,"3":2,"4":0,"5":0,"6":0,"7":2,"8":2},"f":{"0":0,"1":0},"b":{}}
,"/Users/fortune/Projects/node-typescript-boilerplate/src/decorators/roles.decorator.ts": {"path":"/Users/fortune/Projects/node-typescript-boilerplate/src/decorators/roles.decorator.ts","statementMap":{"0":{"start":{"line":1,"column":0},"end":{"line":1,"column":44}},"1":{"start":{"line":5,"column":13},"end":{"line":5,"column":75}},"2":{"start":{"line":5,"column":47},"end":{"line":5,"column":74}}},"fnMap":{"0":{"name":"(anonymous_0)","decl":{"start":{"line":5,"column":21},"end":{"line":5,"column":22}},"loc":{"start":{"line":5,"column":47},"end":{"line":5,"column":74}}}},"branchMap":{},"s":{"0":2,"1":2,"2":2},"f":{"0":2},"b":{}}
,"/Users/fortune/Projects/node-typescript-boilerplate/src/entities/pw_reset.entity.ts": {"path":"/Users/fortune/Projects/node-typescript-boilerplate/src/entities/pw_reset.entity.ts","statementMap":{"0":{"start":{"line":1,"column":0},"end":{"line":1,"column":87}},"1":{"start":{"line":3,"column":0},"end":{"line":3,"column":42}},"2":{"start":{"line":4,"column":0},"end":{"line":4,"column":43}},"3":{"start":{"line":8,"column":0},"end":{"line":28,"column":null}},"4":{"start":{"line":15,"column":2},"end":{"line":15,"column":10}},"5":{"start":{"line":16,"column":2},"end":{"line":16,"column":20}},"6":{"start":{"line":16,"column":13},"end":{"line":16,"column":20}},"7":{"start":{"line":17,"column":34},"end":{"line":17,"column":38}},"8":{"start":{"line":18,"column":2},"end":{"line":18,"column":21}},"9":{"start":{"line":19,"column":2},"end":{"line":19,"column":19}},"10":{"start":{"line":22,"column":2},"end":{"line":22,"column":37}},"11":{"start":{"line":25,"column":2},"end":{"line":25,"column":32}},"12":{"start":{"line":12,"column":1},"end":{"line":12,"column":null}},"13":{"start":{"line":8,"column":13},"end":{"line":28,"column":null}},"14":{"start":{"line":8,"column":13},"end":{"line":8,"column":30}}},"fnMap":{"0":{"name":"(anonymous_2)","decl":{"start":{"line":14,"column":1},"end":{"line":14,"column":13}},"loc":{"start":{"line":14,"column":50},"end":{"line":20,"column":2}}},"1":{"name":"(anonymous_3)","decl":{"start":{"line":21,"column":1},"end":{"line":21,"column":7}},"loc":{"start":{"line":21,"column":49},"end":{"line":23,"column":2}}},"2":{"name":"(anonymous_4)","decl":{"start":{"line":24,"column":8},"end":{"line":24,"column":14}},"loc":{"start":{"line":24,"column":23},"end":{"line":26,"column":2}}},"3":{"name":"(anonymous_5)","decl":{"start":{"line":27,"column":1},"end":{"line":27,"column":7}},"loc":{"start":{"line":27,"column":29},"end":{"line":27,"column":39}}}},"branchMap":{"0":{"loc":{"start":{"line":16,"column":2},"end":{"line":16,"column":20}},"type":"if","locations":[{"start":{"line":16,"column":2},"end":{"line":16,"column":20}},{"start":{"line":16,"column":2},"end":{"line":16,"column":20}}]}},"s":{"0":3,"1":3,"2":3,"3":3,"4":1,"5":1,"6":0,"7":1,"8":1,"9":1,"10":1,"11":0,"12":3,"13":3,"14":3},"f":{"0":1,"1":1,"2":0,"3":0},"b":{"0":[0,1]}}
,"/Users/fortune/Projects/node-typescript-boilerplate/src/shared/services/mail.service.ts": {"path":"/Users/fortune/Projects/node-typescript-boilerplate/src/shared/services/mail.service.ts","statementMap":{"0":{"start":{"line":1,"column":0},"end":{"line":1,"column":43}},"1":{"start":{"line":4,"column":0},"end":{"line":6,"column":null}},"2":{"start":{"line":4,"column":13},"end":{"line":6,"column":null}},"3":{"start":{"line":4,"column":13},"end":{"line":4,"column":24}}},"fnMap":{"0":{"name":"(anonymous_1)","decl":{"start":{"line":5,"column":1},"end":{"line":5,"column":6}},"loc":{"start":{"line":5,"column":57},"end":{"line":5,"column":61}}}},"branchMap":{},"s":{"0":2,"1":2,"2":2,"3":2},"f":{"0":0},"b":{}}
,"/Users/fortune/Projects/node-typescript-boilerplate/src/tenant/tenant.controller.ts": {"path":"/Users/fortune/Projects/node-typescript-boilerplate/src/tenant/tenant.controller.ts","statementMap":{"0":{"start":{"line":1,"column":0},"end":{"line":1,"column":null}},"1":{"start":{"line":10,"column":0},"end":{"line":10,"column":45}},"2":{"start":{"line":11,"column":0},"end":{"line":11,"column":null}},"3":{"start":{"line":17,"column":0},"end":{"line":17,"column":49}},"4":{"start":{"line":18,"column":0},"end":{"line":18,"column":60}},"5":{"start":{"line":19,"column":0},"end":{"line":19,"column":49}},"6":{"start":{"line":20,"column":0},"end":{"line":20,"column":54}},"7":{"start":{"line":21,"column":0},"end":{"line":21,"column":47}},"8":{"start":{"line":25,"column":0},"end":{"line":58,"column":null}},"9":{"start":{"line":26,"column":31},"end":{"line":26,"column":47}},"10":{"start":{"line":45,"column":19},"end":{"line":47,"column":null}},"11":{"start":{"line":49,"column":4},"end":{"line":52,"column":7}},"12":{"start":{"line":56,"column":4},"end":{"line":56,"column":22}},"13":{"start":{"line":41,"column":2},"end":{"line":53,"column":null}},"14":{"start":{"line":55,"column":2},"end":{"line":57,"column":null}},"15":{"start":{"line":25,"column":13},"end":{"line":58,"column":null}},"16":{"start":{"line":25,"column":13},"end":{"line":25,"column":29}}},"fnMap":{"0":{"name":"(anonymous_4)","decl":{"start":{"line":26,"column":2},"end":{"line":26,"column":31}},"loc":{"start":{"line":26,"column":60},"end":{"line":26,"column":64}}},"1":{"name":"(anonymous_5)","decl":{"start":{"line":41,"column":2},"end":{"line":41,"column":7}},"loc":{"start":{"line":43,"column":23},"end":{"line":53,"column":3}}},"2":{"name":"(anonymous_6)","decl":{"start":{"line":55,"column":2},"end":{"line":55,"column":7}},"loc":{"start":{"line":55,"column":57},"end":{"line":57,"column":3}}}},"branchMap":{},"s":{"0":2,"1":2,"2":2,"3":2,"4":2,"5":2,"6":2,"7":2,"8":2,"9":0,"10":0,"11":0,"12":0,"13":2,"14":2,"15":2,"16":2},"f":{"0":0,"1":0,"2":0},"b":{}}
,"/Users/fortune/Projects/node-typescript-boilerplate/src/tenant/tenant.dto.ts": {"path":"/Users/fortune/Projects/node-typescript-boilerplate/src/tenant/tenant.dto.ts","statementMap":{"0":{"start":{"line":1,"column":0},"end":{"line":1,"column":51}},"1":{"start":{"line":2,"column":0},"end":{"line":2,"column":43}},"2":{"start":{"line":3,"column":0},"end":{"line":3,"column":null}},"3":{"start":{"line":10,"column":0},"end":{"line":10,"column":65}},"4":{"start":{"line":11,"column":0},"end":{"line":11,"column":54}},"5":{"start":{"line":21,"column":2},"end":{"line":21,"column":null}},"6":{"start":{"line":29,"column":2},"end":{"line":29,"column":null}},"7":{"start":{"line":13,"column":0},"end":{"line":13,"column":13}},"8":{"start":{"line":36,"column":2},"end":{"line":36,"column":null}},"9":{"start":{"line":40,"column":2},"end":{"line":40,"column":null}},"10":{"start":{"line":31,"column":0},"end":{"line":31,"column":13}},"11":{"start":{"line":48,"column":2},"end":{"line":48,"column":null}},"12":{"start":{"line":53,"column":2},"end":{"line":53,"column":null}},"13":{"start":{"line":57,"column":2},"end":{"line":57,"column":null}},"14":{"start":{"line":42,"column":0},"end":{"line":42,"column":13}}},"fnMap":{},"branchMap":{},"s":{"0":2,"1":2,"2":2,"3":2,"4":2,"5":2,"6":2,"7":2,"8":2,"9":2,"10":2,"11":2,"12":2,"13":2,"14":2},"f":{},"b":{}}
,"/Users/fortune/Projects/node-typescript-boilerplate/src/tenant/tenant.entity.ts": {"path":"/Users/fortune/Projects/node-typescript-boilerplate/src/tenant/tenant.entity.ts","statementMap":{"0":{"start":{"line":1,"column":0},"end":{"line":1,"column":75}},"1":{"start":{"line":5,"column":0},"end":{"line":5,"column":43}},"2":{"start":{"line":15,"column":19},"end":{"line":93,"column":null}},"3":{"start":{"line":39,"column":2},"end":{"line":39,"column":10}},"4":{"start":{"line":40,"column":2},"end":{"line":42,"column":null}},"5":{"start":{"line":41,"column":3},"end":{"line":41,"column":10}},"6":{"start":{"line":44,"column":32},"end":{"line":44,"column":35}},"7":{"start":{"line":45,"column":2},"end":{"line":45,"column":19}},"8":{"start":{"line":46,"column":2},"end":{"line":46,"column":33}},"9":{"start":{"line":62,"column":2},"end":{"line":62,"column":32}},"10":{"start":{"line":66,"column":3},"end":{"line":66,"column":41}},"11":{"start":{"line":76,"column":3},"end":{"line":76,"column":55}},"12":{"start":{"line":86,"column":2},"end":{"line":88,"column":null}},"13":{"start":{"line":87,"column":3},"end":{"line":87,"column":72}},"14":{"start":{"line":89,"column":2},"end":{"line":91,"column":null}},"15":{"start":{"line":90,"column":3},"end":{"line":90,"column":53}},"16":{"start":{"line":55,"column":8},"end":{"line":59,"column":5}},"17":{"start":{"line":56,"column":2},"end":{"line":59,"column":4}},"18":{"start":{"line":28,"column":1},"end":{"line":28,"column":null}},"19":{"start":{"line":36,"column":1},"end":{"line":36,"column":null}},"20":{"start":{"line":15,"column":13},"end":{"line":93,"column":null}},"21":{"start":{"line":15,"column":13},"end":{"line":15,"column":19}}},"fnMap":{"0":{"name":"(anonymous_2)","decl":{"start":{"line":38,"column":1},"end":{"line":38,"column":13}},"loc":{"start":{"line":38,"column":56},"end":{"line":47,"column":2}}},"1":{"name":"(anonymous_3)","decl":{"start":{"line":61,"column":8},"end":{"line":61,"column":14}},"loc":{"start":{"line":61,"column":23},"end":{"line":63,"column":2}}},"2":{"name":"(anonymous_4)","decl":{"start":{"line":65,"column":1},"end":{"line":65,"column":8}},"loc":{"start":{"line":65,"column":21},"end":{"line":67,"column":2}}},"3":{"name":"(anonymous_5)","decl":{"start":{"line":75,"column":1},"end":{"line":75,"column":15}},"loc":{"start":{"line":75,"column":35},"end":{"line":77,"column":2}}},"4":{"name":"(anonymous_6)","decl":{"start":{"line":85,"column":1},"end":{"line":85,"column":7}},"loc":{"start":{"line":85,"column":29},"end":{"line":92,"column":2}}},"5":{"name":"(anonymous_7)","decl":{"start":{"line":55,"column":25},"end":{"line":55,"column":26}},"loc":{"start":{"line":56,"column":2},"end":{"line":59,"column":4}}}},"branchMap":{"0":{"loc":{"start":{"line":40,"column":2},"end":{"line":42,"column":null}},"type":"if","locations":[{"start":{"line":40,"column":2},"end":{"line":42,"column":null}},{"start":{"line":40,"column":2},"end":{"line":42,"column":null}}]},"1":{"loc":{"start":{"line":86,"column":2},"end":{"line":88,"column":null}},"type":"if","locations":[{"start":{"line":86,"column":2},"end":{"line":88,"column":null}},{"start":{"line":86,"column":2},"end":{"line":88,"column":null}}]},"2":{"loc":{"start":{"line":89,"column":2},"end":{"line":91,"column":null}},"type":"if","locations":[{"start":{"line":89,"column":2},"end":{"line":91,"column":null}},{"start":{"line":89,"column":2},"end":{"line":91,"column":null}}]}},"s":{"0":8,"1":8,"2":8,"3":0,"4":0,"5":0,"6":0,"7":0,"8":0,"9":0,"10":0,"11":0,"12":0,"13":0,"14":0,"15":0,"16":8,"17":0,"18":8,"19":8,"20":8,"21":8},"f":{"0":0,"1":0,"2":0,"3":0,"4":0,"5":0},"b":{"0":[0,0],"1":[0,0],"2":[0,0]}}
,"/Users/fortune/Projects/node-typescript-boilerplate/src/tenant/tenant.service.ts": {"path":"/Users/fortune/Projects/node-typescript-boilerplate/src/tenant/tenant.service.ts","statementMap":{"0":{"start":{"line":1,"column":0},"end":{"line":1,"column":44}},"1":{"start":{"line":2,"column":0},"end":{"line":2,"column":66}},"2":{"start":{"line":3,"column":0},"end":{"line":3,"column":41}},"3":{"start":{"line":6,"column":0},"end":{"line":12,"column":null}},"4":{"start":{"line":7,"column":31},"end":{"line":7,"column":50}},"5":{"start":{"line":9,"column":19},"end":{"line":9,"column":59}},"6":{"start":{"line":10,"column":4},"end":{"line":10,"column":57}},"7":{"start":{"line":6,"column":13},"end":{"line":12,"column":null}},"8":{"start":{"line":6,"column":13},"end":{"line":6,"column":26}}},"fnMap":{"0":{"name":"(anonymous_2)","decl":{"start":{"line":7,"column":2},"end":{"line":7,"column":31}},"loc":{"start":{"line":7,"column":66},"end":{"line":7,"column":70}}},"1":{"name":"(anonymous_3)","decl":{"start":{"line":8,"column":2},"end":{"line":8,"column":7}},"loc":{"start":{"line":8,"column":48},"end":{"line":11,"column":3}}}},"branchMap":{},"s":{"0":2,"1":2,"2":2,"3":2,"4":0,"5":0,"6":0,"7":2,"8":2},"f":{"0":0,"1":0},"b":{}}
,"/Users/fortune/Projects/node-typescript-boilerplate/src/tenant/repository/tenant.repository.ts": {"path":"/Users/fortune/Projects/node-typescript-boilerplate/src/tenant/repository/tenant.repository.ts","statementMap":{"0":{"start":{"line":3,"column":0},"end":{"line":3,"column":47}},"1":{"start":{"line":4,"column":0},"end":{"line":4,"column":58}},"2":{"start":{"line":5,"column":0},"end":{"line":5,"column":42}},"3":{"start":{"line":10,"column":0},"end":{"line":18,"column":null}},"4":{"start":{"line":16,"column":2},"end":{"line":16,"column":42}},"5":{"start":{"line":16,"column":28},"end":{"line":16,"column":40}},"6":{"start":{"line":14,"column":19},"end":{"line":14,"column":63}},"7":{"start":{"line":10,"column":13},"end":{"line":18,"column":null}},"8":{"start":{"line":10,"column":13},"end":{"line":10,"column":29}}},"fnMap":{"0":{"name":"(anonymous_4)","decl":{"start":{"line":12,"column":1},"end":{"line":12,"column":null}},"loc":{"start":{"line":14,"column":63},"end":{"line":17,"column":2}}},"1":{"name":"(anonymous_5)","decl":{"start":{"line":16,"column":22},"end":{"line":16,"column":25}},"loc":{"start":{"line":16,"column":28},"end":{"line":16,"column":40}}}},"branchMap":{},"s":{"0":2,"1":2,"2":2,"3":2,"4":0,"5":0,"6":0,"7":2,"8":2},"f":{"0":0,"1":0},"b":{}}
,"/Users/fortune/Projects/node-typescript-boilerplate/src/user/constants.ts": {"path":"/Users/fortune/Projects/node-typescript-boilerplate/src/user/constants.ts","statementMap":{"0":{"start":{"line":1,"column":13},"end":{"line":1,"column":35}}},"fnMap":{},"branchMap":{},"s":{"0":2},"f":{},"b":{}}
,"/Users/fortune/Projects/node-typescript-boilerplate/src/user/user.controller.ts": {"path":"/Users/fortune/Projects/node-typescript-boilerplate/src/user/user.controller.ts","statementMap":{"0":{"start":{"line":1,"column":0},"end":{"line":1,"column":61}},"1":{"start":{"line":2,"column":0},"end":{"line":2,"column":45}},"2":{"start":{"line":3,"column":0},"end":{"line":3,"column":60}},"3":{"start":{"line":7,"column":0},"end":{"line":12,"column":null}},"4":{"start":{"line":11,"column":2},"end":{"line":11,"column":null}},"5":{"start":{"line":7,"column":13},"end":{"line":12,"column":null}},"6":{"start":{"line":7,"column":13},"end":{"line":7,"column":27}}},"fnMap":{"0":{"name":"(anonymous_2)","decl":{"start":{"line":11,"column":2},"end":{"line":11,"column":7}},"loc":{"start":{"line":11,"column":18},"end":{"line":11,"column":23}}}},"branchMap":{},"s":{"0":3,"1":3,"2":3,"3":3,"4":3,"5":3,"6":3},"f":{"0":0},"b":{}}
,"/Users/fortune/Projects/node-typescript-boilerplate/src/user/user.entity.ts": {"path":"/Users/fortune/Projects/node-typescript-boilerplate/src/user/user.entity.ts","statementMap":{"0":{"start":{"line":1,"column":0},"end":{"line":1,"column":null}},"1":{"start":{"line":9,"column":0},"end":{"line":9,"column":44}},"2":{"start":{"line":10,"column":0},"end":{"line":10,"column":49}},"3":{"start":{"line":14,"column":13},"end":{"line":14,"column":35}},"4":{"start":{"line":15,"column":13},"end":{"line":15,"column":38}},"5":{"start":{"line":17,"column":0},"end":{"line":17,"column":null}},"6":{"start":{"line":18,"column":1},"end":{"line":18,"column":null}},"7":{"start":{"line":19,"column":1},"end":{"line":19,"column":null}},"8":{"start":{"line":25,"column":17},"end":{"line":341,"column":null}},"9":{"start":{"line":142,"column":2},"end":{"line":142,"column":10}},"10":{"start":{"line":44,"column":10},"end":{"line":44,"column":44}},"11":{"start":{"line":99,"column":10},"end":{"line":99,"column":46}},"12":{"start":{"line":143,"column":2},"end":{"line":145,"column":null}},"13":{"start":{"line":144,"column":3},"end":{"line":144,"column":10}},"14":{"start":{"line":146,"column":69},"end":{"line":146,"column":72}},"15":{"start":{"line":147,"column":2},"end":{"line":147,"column":29}},"16":{"start":{"line":148,"column":2},"end":{"line":148,"column":27}},"17":{"start":{"line":149,"column":2},"end":{"line":149,"column":21}},"18":{"start":{"line":150,"column":2},"end":{"line":150,"column":27}},"19":{"start":{"line":151,"column":2},"end":{"line":151,"column":27}},"20":{"start":{"line":152,"column":2},"end":{"line":152,"column":23}},"21":{"start":{"line":186,"column":2},"end":{"line":186,"column":32}},"22":{"start":{"line":212,"column":3},"end":{"line":212,"column":41}},"23":{"start":{"line":222,"column":3},"end":{"line":222,"column":41}},"24":{"start":{"line":232,"column":3},"end":{"line":232,"column":47}},"25":{"start":{"line":242,"column":3},"end":{"line":242,"column":49}},"26":{"start":{"line":252,"column":3},"end":{"line":252,"column":47}},"27":{"start":{"line":262,"column":3},"end":{"line":262,"column":47}},"28":{"start":{"line":272,"column":3},"end":{"line":272,"column":43}},"29":{"start":{"line":281,"column":2},"end":{"line":283,"column":null}},"30":{"start":{"line":282,"column":3},"end":{"line":282,"column":47}},"31":{"start":{"line":284,"column":2},"end":{"line":286,"column":null}},"32":{"start":{"line":285,"column":3},"end":{"line":285,"column":45}},"33":{"start":{"line":287,"column":2},"end":{"line":289,"column":null}},"34":{"start":{"line":288,"column":3},"end":{"line":288,"column":45}},"35":{"start":{"line":290,"column":2},"end":{"line":292,"column":null}},"36":{"start":{"line":291,"column":3},"end":{"line":291,"column":45}},"37":{"start":{"line":293,"column":2},"end":{"line":295,"column":null}},"38":{"start":{"line":294,"column":3},"end":{"line":294,"column":39}},"39":{"start":{"line":296,"column":2},"end":{"line":298,"column":null}},"40":{"start":{"line":297,"column":3},"end":{"line":297,"column":43}},"41":{"start":{"line":308,"column":2},"end":{"line":312,"column":4}},"42":{"start":{"line":320,"column":3},"end":{"line":320,"column":54}},"43":{"start":{"line":321,"column":3},"end":{"line":321,"column":52}},"44":{"start":{"line":334,"column":18},"end":{"line":334,"column":28}},"45":{"start":{"line":335,"column":2},"end":{"line":335,"column":68}},"46":{"start":{"line":336,"column":2},"end":{"line":339,"column":4}},"47":{"start":{"line":161,"column":8},"end":{"line":184,"column":3}},"48":{"start":{"line":176,"column":2},"end":{"line":183,"column":5}},"49":{"start":{"line":33,"column":1},"end":{"line":33,"column":null}},"50":{"start":{"line":41,"column":1},"end":{"line":41,"column":null}},"51":{"start":{"line":44,"column":1},"end":{"line":44,"column":null}},"52":{"start":{"line":60,"column":1},"end":{"line":60,"column":null}},"53":{"start":{"line":76,"column":1},"end":{"line":76,"column":null}},"54":{"start":{"line":85,"column":1},"end":{"line":85,"column":null}},"55":{"start":{"line":99,"column":1},"end":{"line":99,"column":null}},"56":{"start":{"line":108,"column":1},"end":{"line":108,"column":null}},"57":{"start":{"line":117,"column":1},"end":{"line":117,"column":null}},"58":{"start":{"line":25,"column":13},"end":{"line":341,"column":null}},"59":{"start":{"line":25,"column":13},"end":{"line":25,"column":17}}},"fnMap":{"0":{"name":"(anonymous_2)","decl":{"start":{"line":17,"column":0},"end":{"line":17,"column":12}},"loc":{"start":{"line":17,"column":20},"end":{"line":20,"column":1}}},"1":{"name":"(anonymous_3)","decl":{"start":{"line":134,"column":1},"end":{"line":134,"column":20}},"loc":{"start":{"line":141,"column":2},"end":{"line":153,"column":2}}},"2":{"name":"(anonymous_4)","decl":{"start":{"line":185,"column":8},"end":{"line":185,"column":14}},"loc":{"start":{"line":185,"column":23},"end":{"line":187,"column":2}}},"3":{"name":"(anonymous_5)","decl":{"start":{"line":211,"column":1},"end":{"line":211,"column":9}},"loc":{"start":{"line":211,"column":27},"end":{"line":213,"column":2}}},"4":{"name":"(anonymous_6)","decl":{"start":{"line":221,"column":1},"end":{"line":221,"column":9}},"loc":{"start":{"line":221,"column":23},"end":{"line":223,"column":2}}},"5":{"name":"(anonymous_7)","decl":{"start":{"line":231,"column":1},"end":{"line":231,"column":12}},"loc":{"start":{"line":231,"column":29},"end":{"line":233,"column":2}}},"6":{"name":"(anonymous_8)","decl":{"start":{"line":241,"column":1},"end":{"line":241,"column":13}},"loc":{"start":{"line":241,"column":31},"end":{"line":243,"column":2}}},"7":{"name":"(anonymous_9)","decl":{"start":{"line":251,"column":1},"end":{"line":251,"column":12}},"loc":{"start":{"line":251,"column":29},"end":{"line":253,"column":2}}},"8":{"name":"(anonymous_10)","decl":{"start":{"line":261,"column":1},"end":{"line":261,"column":12}},"loc":{"start":{"line":261,"column":29},"end":{"line":263,"column":2}}},"9":{"name":"(anonymous_11)","decl":{"start":{"line":271,"column":1},"end":{"line":271,"column":10}},"loc":{"start":{"line":271,"column":22},"end":{"line":273,"column":2}}},"10":{"name":"(anonymous_12)","decl":{"start":{"line":280,"column":1},"end":{"line":280,"column":7}},"loc":{"start":{"line":280,"column":27},"end":{"line":299,"column":2}}},"11":{"name":"(anonymous_13)","decl":{"start":{"line":307,"column":1},"end":{"line":307,"column":12}},"loc":{"start":{"line":307,"column":37},"end":{"line":313,"column":2}}},"12":{"name":"(anonymous_14)","decl":{"start":{"line":319,"column":1},"end":{"line":319,"column":13}},"loc":{"start":{"line":319,"column":13},"end":{"line":322,"column":2}}},"13":{"name":"(anonymous_15)","decl":{"start":{"line":331,"column":1},"end":{"line":331,"column":7}},"loc":{"start":{"line":332,"column":32},"end":{"line":340,"column":2}}},"14":{"name":"(anonymous_16)","decl":{"start":{"line":161,"column":25},"end":{"line":161,"column":26}},"loc":{"start":{"line":175,"column":6},"end":{"line":184,"column":2}}}},"branchMap":{"0":{"loc":{"start":{"line":17,"column":12},"end":{"line":17,"column":20}},"type":"binary-expr","locations":[{"start":{"line":17,"column":12},"end":{"line":17,"column":20}},{"start":{"line":17,"column":12},"end":{"line":17,"column":null}}]},"1":{"loc":{"start":{"line":143,"column":2},"end":{"line":145,"column":null}},"type":"if","locations":[{"start":{"line":143,"column":2},"end":{"line":145,"column":null}},{"start":{"line":143,"column":2},"end":{"line":145,"column":null}}]},"2":{"loc":{"start":{"line":281,"column":2},"end":{"line":283,"column":null}},"type":"if","locations":[{"start":{"line":281,"column":2},"end":{"line":283,"column":null}},{"start":{"line":281,"column":2},"end":{"line":283,"column":null}}]},"3":{"loc":{"start":{"line":284,"column":2},"end":{"line":286,"column":null}},"type":"if","locations":[{"start":{"line":284,"column":2},"end":{"line":286,"column":null}},{"start":{"line":284,"column":2},"end":{"line":286,"column":null}}]},"4":{"loc":{"start":{"line":287,"column":2},"end":{"line":289,"column":null}},"type":"if","locations":[{"start":{"line":287,"column":2},"end":{"line":289,"column":null}},{"start":{"line":287,"column":2},"end":{"line":289,"column":null}}]},"5":{"loc":{"start":{"line":290,"column":2},"end":{"line":292,"column":null}},"type":"if","locations":[{"start":{"line":290,"column":2},"end":{"line":292,"column":null}},{"start":{"line":290,"column":2},"end":{"line":292,"column":null}}]},"6":{"loc":{"start":{"line":293,"column":2},"end":{"line":295,"column":null}},"type":"if","locations":[{"start":{"line":293,"column":2},"end":{"line":295,"column":null}},{"start":{"line":293,"column":2},"end":{"line":295,"column":null}}]},"7":{"loc":{"start":{"line":296,"column":2},"end":{"line":298,"column":null}},"type":"if","locations":[{"start":{"line":296,"column":2},"end":{"line":298,"column":null}},{"start":{"line":296,"column":2},"end":{"line":298,"column":null}}]},"8":{"loc":{"start":{"line":309,"column":3},"end":{"line":309,"column":48}},"type":"binary-expr","locations":[{"start":{"line":309,"column":3},"end":{"line":309,"column":48}},{"start":{"line":310,"column":3},"end":{"line":310,"column":36}},{"start":{"line":311,"column":3},"end":{"line":311,"column":45}}]}},"s":{"0":8,"1":8,"2":8,"3":8,"4":8,"5":8,"6":8,"7":8,"8":8,"9":2,"10":2,"11":2,"12":2,"13":1,"14":1,"15":1,"16":1,"17":1,"18":1,"19":1,"20":1,"21":0,"22":0,"23":0,"24":0,"25":0,"26":0,"27":1,"28":0,"29":0,"30":0,"31":0,"32":0,"33":0,"34":0,"35":0,"36":0,"37":0,"38":0,"39":0,"40":0,"41":0,"42":0,"43":0,"44":3,"45":3,"46":3,"47":8,"48":1,"49":8,"50":8,"51":8,"52":8,"53":8,"54":8,"55":8,"56":8,"57":8,"58":8,"59":8},"f":{"0":8,"1":2,"2":0,"3":0,"4":0,"5":0,"6":0,"7":0,"8":1,"9":0,"10":0,"11":0,"12":0,"13":3,"14":1},"b":{"0":[8,8],"1":[1,1],"2":[0,0],"3":[0,0],"4":[0,0],"5":[0,0],"6":[0,0],"7":[0,0],"8":[0,0,0]}}
,"/Users/fortune/Projects/node-typescript-boilerplate/src/user/user.module.ts": {"path":"/Users/fortune/Projects/node-typescript-boilerplate/src/user/user.module.ts","statementMap":{"0":{"start":{"line":1,"column":0},"end":{"line":1,"column":39}},"1":{"start":{"line":2,"column":0},"end":{"line":2,"column":50}},"2":{"start":{"line":4,"column":0},"end":{"line":4,"column":61}},"3":{"start":{"line":5,"column":0},"end":{"line":5,"column":50}},"4":{"start":{"line":6,"column":0},"end":{"line":6,"column":36}},"5":{"start":{"line":7,"column":0},"end":{"line":7,"column":44}},"6":{"start":{"line":8,"column":0},"end":{"line":8,"column":63}},"7":{"start":{"line":9,"column":0},"end":{"line":9,"column":65}},"8":{"start":{"line":17,"column":0},"end":{"line":17,"column":null}},"9":{"start":{"line":17,"column":13},"end":{"line":17,"column":null}},"10":{"start":{"line":17,"column":13},"end":{"line":17,"column":23}}},"fnMap":{},"branchMap":{},"s":{"0":1,"1":1,"2":1,"3":1,"4":1,"5":1,"6":1,"7":1,"8":1,"9":1,"10":1},"f":{},"b":{}}
,"/Users/fortune/Projects/node-typescript-boilerplate/src/user/user.service.ts": {"path":"/Users/fortune/Projects/node-typescript-boilerplate/src/user/user.service.ts","statementMap":{"0":{"start":{"line":1,"column":0},"end":{"line":1,"column":44}},"1":{"start":{"line":2,"column":0},"end":{"line":2,"column":41}},"2":{"start":{"line":3,"column":0},"end":{"line":3,"column":62}},"3":{"start":{"line":4,"column":0},"end":{"line":4,"column":37}},"4":{"start":{"line":7,"column":0},"end":{"line":21,"column":null}},"5":{"start":{"line":8,"column":31},"end":{"line":8,"column":48}},"6":{"start":{"line":17,"column":4},"end":{"line":17,"column":48}},"7":{"start":{"line":18,"column":20},"end":{"line":18,"column":45}},"8":{"start":{"line":19,"column":4},"end":{"line":19,"column":56}},"9":{"start":{"line":7,"column":13},"end":{"line":21,"column":null}},"10":{"start":{"line":7,"column":13},"end":{"line":7,"column":24}}},"fnMap":{"0":{"name":"(anonymous_2)","decl":{"start":{"line":8,"column":2},"end":{"line":8,"column":31}},"loc":{"start":{"line":8,"column":62},"end":{"line":8,"column":66}}},"1":{"name":"(anonymous_3)","decl":{"start":{"line":10,"column":2},"end":{"line":10,"column":7}},"loc":{"start":{"line":16,"column":3},"end":{"line":20,"column":3}}}},"branchMap":{},"s":{"0":2,"1":2,"2":2,"3":2,"4":2,"5":1,"6":0,"7":0,"8":0,"9":2,"10":2},"f":{"0":1,"1":0},"b":{}}
,"/Users/fortune/Projects/node-typescript-boilerplate/src/user/repository/user.repository.ts": {"path":"/Users/fortune/Projects/node-typescript-boilerplate/src/user/repository/user.repository.ts","statementMap":{"0":{"start":{"line":3,"column":0},"end":{"line":3,"column":47}},"1":{"start":{"line":4,"column":0},"end":{"line":4,"column":58}},"2":{"start":{"line":5,"column":0},"end":{"line":5,"column":38}},"3":{"start":{"line":10,"column":0},"end":{"line":18,"column":null}},"4":{"start":{"line":16,"column":2},"end":{"line":16,"column":38}},"5":{"start":{"line":16,"column":26},"end":{"line":16,"column":36}},"6":{"start":{"line":14,"column":19},"end":{"line":14,"column":59}},"7":{"start":{"line":10,"column":13},"end":{"line":18,"column":null}},"8":{"start":{"line":10,"column":13},"end":{"line":10,"column":27}}},"fnMap":{"0":{"name":"(anonymous_4)","decl":{"start":{"line":12,"column":1},"end":{"line":12,"column":null}},"loc":{"start":{"line":14,"column":59},"end":{"line":17,"column":2}}},"1":{"name":"(anonymous_5)","decl":{"start":{"line":16,"column":20},"end":{"line":16,"column":23}},"loc":{"start":{"line":16,"column":26},"end":{"line":16,"column":36}}}},"branchMap":{},"s":{"0":3,"1":3,"2":3,"3":3,"4":0,"5":0,"6":0,"7":3,"8":3},"f":{"0":0,"1":0},"b":{}}
,"/Users/fortune/Projects/node-typescript-boilerplate/src/utils/pwHash.ts": {"path":"/Users/fortune/Projects/node-typescript-boilerplate/src/utils/pwHash.ts","statementMap":{"0":{"start":{"line":1,"column":0},"end":{"line":1,"column":32}},"1":{"start":{"line":3,"column":0},"end":{"line":3,"column":57}},"2":{"start":{"line":5,"column":13},"end":{"line":10,"column":2}},"3":{"start":{"line":6,"column":13},"end":{"line":6,"column":33}},"4":{"start":{"line":8,"column":2},"end":{"line":8,"column":67}},"5":{"start":{"line":9,"column":1},"end":{"line":9,"column":30}}},"fnMap":{"0":{"name":"(anonymous_0)","decl":{"start":{"line":5,"column":22},"end":{"line":5,"column":27}},"loc":{"start":{"line":5,"column":43},"end":{"line":10,"column":1}}}},"branchMap":{"0":{"loc":{"start":{"line":8,"column":44},"end":{"line":8,"column":45}},"type":"cond-expr","locations":[{"start":{"line":8,"column":44},"end":{"line":8,"column":45}},{"start":{"line":8,"column":48},"end":{"line":8,"column":67}}]},"1":{"loc":{"start":{"line":8,"column":2},"end":{"line":8,"column":23}},"type":"binary-expr","locations":[{"start":{"line":8,"column":2},"end":{"line":8,"column":23}},{"start":{"line":8,"column":27},"end":{"line":8,"column":41}}]}},"s":{"0":3,"1":3,"2":3,"3":3,"4":3,"5":3},"f":{"0":3},"b":{"0":[3,0],"1":[3,3]}}
}
