TN:
SF:/Users/fortune/Projects/node-typescript-boilerplate/src/base.dto.ts
FNF:0
FNH:0
DA:1,2
DA:2,2
DA:4,2
DA:6,2
DA:9,2
DA:11,2
DA:15,2
LF:7
LH:7
BRF:0
BRH:0
end_of_record
TN:
SF:/Users/fortune/Projects/node-typescript-boilerplate/src/base.entity.ts
FN:20,(anonymous_2)
FN:93,(anonymous_3)
FN:102,(anonymous_4)
FN:111,(anonymous_5)
FN:120,(anonymous_6)
FN:13,(anonymous_7)
FNF:6
FNH:1
FNDA:3,(anonymous_2)
FNDA:0,(anonymous_3)
FNDA:0,(anonymous_4)
FNDA:0,(anonymous_5)
FNDA:0,(anonymous_6)
FNDA:0,(anonymous_7)
DA:1,8
DA:2,8
DA:14,0
DA:15,0
DA:20,8
DA:38,8
DA:46,8
DA:54,8
DA:62,8
DA:70,8
DA:78,8
DA:86,8
DA:94,0
DA:103,0
DA:112,0
DA:121,0
LF:16
LH:10
BRF:0
BRH:0
end_of_record
TN:
SF:/Users/fortune/Projects/node-typescript-boilerplate/src/account/account.controller.ts
FNF:0
FNH:0
DA:1,1
DA:4,1
LF:2
LH:2
BRF:0
BRH:0
end_of_record
TN:
SF:/Users/fortune/Projects/node-typescript-boilerplate/src/account/account.service.ts
FNF:0
FNH:0
DA:1,1
DA:4,1
LF:2
LH:2
BRF:0
BRH:0
end_of_record
TN:
SF:/Users/fortune/Projects/node-typescript-boilerplate/src/auth/auth.controller.ts
FN:26,(anonymous_4)
FN:35,(anonymous_5)
FN:56,(anonymous_6)
FN:66,(anonymous_7)
FNF:4
FNH:3
FNDA:1,(anonymous_4)
FNDA:1,(anonymous_5)
FNDA:1,(anonymous_6)
FNDA:0,(anonymous_7)
DA:1,2
DA:2,2
DA:10,2
DA:12,2
DA:13,2
DA:14,2
DA:15,2
DA:16,2
DA:17,2
DA:18,2
DA:19,2
DA:20,2
DA:21,2
DA:25,2
DA:26,1
DA:35,2
DA:36,1
DA:37,1
DA:38,1
DA:56,2
DA:57,1
DA:66,2
DA:67,0
LF:23
LH:22
BRF:0
BRH:0
end_of_record
TN:
SF:/Users/fortune/Projects/node-typescript-boilerplate/src/auth/auth.service.ts
FN:25,(anonymous_3)
FN:40,(anonymous_4)
FN:54,(anonymous_5)
FN:73,(anonymous_6)
FN:98,(anonymous_7)
FN:110,(anonymous_8)
FN:127,(anonymous_9)
FN:146,(anonymous_10)
FNF:8
FNH:8
FNDA:1,(anonymous_3)
FNDA:3,(anonymous_4)
FNDA:2,(anonymous_5)
FNDA:1,(anonymous_6)
FNDA:2,(anonymous_7)
FNDA:3,(anonymous_8)
FNDA:3,(anonymous_9)
FNDA:3,(anonymous_10)
DA:1,2
DA:2,2
DA:3,2
DA:4,2
DA:6,2
DA:8,2
DA:9,2
DA:10,2
DA:11,2
DA:12,2
DA:13,2
DA:14,2
DA:24,2
DA:26,1
DA:27,1
DA:28,1
DA:29,1
DA:30,1
DA:41,3
DA:42,3
DA:43,1
DA:44,1
DA:55,2
DA:61,2
DA:76,1
DA:79,1
DA:80,0
DA:84,1
DA:87,1
DA:88,0
DA:92,1
DA:93,1
DA:94,1
DA:95,1
DA:99,2
DA:100,2
DA:101,1
DA:102,1
DA:106,1
DA:107,1
DA:111,3
DA:112,2
DA:114,1
DA:115,0
DA:117,1
DA:119,1
DA:120,0
DA:124,1
DA:125,1
DA:128,3
DA:131,3
DA:136,0
DA:139,3
DA:149,3
LF:54
LH:49
BRDA:79,0,0,0
BRDA:79,0,1,1
BRDA:87,1,0,0
BRDA:87,1,1,1
BRDA:100,2,0,1
BRDA:100,2,1,1
BRDA:111,3,0,2
BRDA:111,3,1,1
BRDA:114,4,0,0
BRDA:114,4,1,1
BRDA:119,5,0,0
BRDA:119,5,1,1
BRDA:131,6,0,0
BRDA:131,6,1,3
BRDA:132,7,0,3
BRDA:132,7,1,2
BRDA:132,7,2,0
BRF:17
BRH:11
end_of_record
TN:
SF:/Users/fortune/Projects/node-typescript-boilerplate/src/auth/session.serializer.ts
FN:5,(anonymous_1)
FN:8,(anonymous_2)
FNF:2
FNH:0
FNDA:0,(anonymous_1)
FNDA:0,(anonymous_2)
DA:1,1
DA:2,1
DA:4,1
DA:6,0
DA:12,0
LF:5
LH:3
BRF:0
BRH:0
end_of_record
TN:
SF:/Users/fortune/Projects/node-typescript-boilerplate/src/auth/constants/error.constant.ts
FNF:0
FNH:0
DA:1,3
DA:2,3
DA:4,3
LF:3
LH:3
BRF:0
BRH:0
end_of_record
TN:
SF:/Users/fortune/Projects/node-typescript-boilerplate/src/auth/constants/header.constant.ts
FNF:0
FNH:0
DA:1,8
LF:1
LH:1
BRF:0
BRH:0
end_of_record
TN:
SF:/Users/fortune/Projects/node-typescript-boilerplate/src/auth/dto/AuthResponse.ts
FNF:0
FNH:0
DA:1,2
DA:3,2
DA:5,2
LF:3
LH:3
BRF:0
BRH:0
end_of_record
TN:
SF:/Users/fortune/Projects/node-typescript-boilerplate/src/auth/dto/LoginInput.ts
FNF:0
FNH:0
DA:1,2
DA:2,2
DA:3,2
DA:4,2
DA:11,2
DA:20,2
LF:6
LH:6
BRF:0
BRH:0
end_of_record
TN:
SF:/Users/fortune/Projects/node-typescript-boilerplate/src/auth/dto/RegisterInput.ts
FNF:0
FNH:0
DA:1,2
DA:2,2
DA:3,2
DA:4,2
DA:12,2
DA:20,2
DA:26,2
DA:34,2
DA:41,2
LF:9
LH:9
BRF:0
BRH:0
end_of_record
TN:
SF:/Users/fortune/Projects/node-typescript-boilerplate/src/auth/dto/RegisterResponse.ts
FNF:0
FNH:0
DA:1,2
DA:5,2
DA:7,2
DA:9,2
LF:4
LH:4
BRF:0
BRH:0
end_of_record
TN:
SF:/Users/fortune/Projects/node-typescript-boilerplate/src/auth/dto/VerificationInput.ts
FNF:0
FNH:0
DA:1,2
DA:2,2
DA:3,2
DA:4,2
DA:11,2
DA:18,2
DA:25,2
DA:32,2
LF:8
LH:8
BRF:0
BRH:0
end_of_record
TN:
SF:/Users/fortune/Projects/node-typescript-boilerplate/src/auth/guards/login.guard.ts
FN:13,(anonymous_2)
FN:15,(anonymous_3)
FN:19,(anonymous_4)
FNF:3
FNH:1
FNDA:1,(anonymous_2)
FNDA:0,(anonymous_3)
FNDA:0,(anonymous_4)
DA:1,2
DA:8,2
DA:12,2
DA:13,1
DA:16,0
DA:17,0
DA:20,0
DA:21,0
DA:25,0
DA:27,0
DA:28,0
DA:30,0
LF:12
LH:4
BRDA:27,0,0,0
BRDA:27,0,1,0
BRF:2
BRH:0
end_of_record
TN:
SF:/Users/fortune/Projects/node-typescript-boilerplate/src/auth/guards/tenant.guard.ts
FN:16,(anonymous_2)
FN:19,(anonymous_3)
FN:23,(anonymous_4)
FNF:3
FNH:1
FNDA:6,(anonymous_2)
FNDA:0,(anonymous_3)
FNDA:0,(anonymous_4)
DA:1,2
DA:8,2
DA:9,2
DA:10,2
DA:11,2
DA:14,2
DA:17,6
DA:20,0
DA:21,0
DA:24,0
DA:25,0
DA:26,0
DA:28,0
DA:29,0
DA:31,0
DA:32,0
DA:33,0
DA:34,0
DA:37,0
LF:19
LH:7
BRDA:16,0,0,4
BRDA:25,1,0,0
BRDA:25,1,1,0
BRDA:25,2,0,0
BRDA:25,2,1,0
BRDA:28,3,0,0
BRDA:28,3,1,0
BRDA:28,4,0,0
BRDA:28,4,1,0
BRDA:31,5,0,0
BRDA:31,5,1,0
BRDA:33,6,0,0
BRDA:33,6,1,0
BRF:13
BRH:1
end_of_record
TN:
SF:/Users/fortune/Projects/node-typescript-boilerplate/src/auth/strategies/jwt.strategy.ts
FN:7,(anonymous_2)
FN:15,(anonymous_3)
FNF:2
FNH:1
FNDA:1,(anonymous_2)
FNDA:0,(anonymous_3)
DA:1,1
DA:2,1
DA:3,1
DA:6,1
DA:8,1
DA:16,0
LF:6
LH:5
BRF:0
BRH:0
end_of_record
TN:
SF:/Users/fortune/Projects/node-typescript-boilerplate/src/config/config.module.ts
FNF:0
FNH:0
DA:1,5
DA:2,5
DA:15,5
LF:3
LH:3
BRDA:9,0,0,5
BRDA:9,0,1,0
BRF:2
BRH:1
end_of_record
TN:
SF:/Users/fortune/Projects/node-typescript-boilerplate/src/config/config.service.ts
FN:19,(anonymous_0)
FN:30,(anonymous_1)
FN:59,(anonymous_2)
FN:62,(anonymous_3)
FNF:4
FNH:3
FNDA:6,(anonymous_0)
FNDA:6,(anonymous_1)
FNDA:13,(anonymous_2)
FNDA:0,(anonymous_3)
DA:1,7
DA:2,7
DA:3,7
DA:15,7
DA:20,6
DA:21,6
DA:22,6
DA:23,6
DA:31,6
DA:43,6
DA:44,6
DA:45,0
DA:47,6
DA:49,6
DA:60,13
DA:63,0
LF:16
LH:14
BRDA:20,0,0,6
BRDA:20,0,1,0
BRDA:20,1,0,0
BRDA:20,1,1,0
BRDA:44,2,0,0
BRDA:44,2,1,6
BRF:6
BRH:2
end_of_record
TN:
SF:/Users/fortune/Projects/node-typescript-boilerplate/src/db/repos/base.repo.ts
FN:18,(anonymous_2)
FN:275,(anonymous_3)
FN:23,(anonymous_4)
FN:30,(anonymous_5)
FN:31,(anonymous_6)
FN:39,(anonymous_7)
FN:79,(anonymous_8)
FN:88,(anonymous_9)
FN:89,(anonymous_10)
FN:100,(anonymous_11)
FN:101,(anonymous_12)
FN:102,(anonymous_13)
FN:115,(anonymous_14)
FN:117,(anonymous_15)
FN:128,(anonymous_16)
FN:145,(anonymous_17)
FN:154,(anonymous_18)
FN:164,(anonymous_19)
FN:172,(anonymous_20)
FN:173,(anonymous_21)
FN:182,(anonymous_22)
FN:190,(anonymous_23)
FN:191,(anonymous_24)
FN:202,(anonymous_25)
FN:210,(anonymous_26)
FN:211,(anonymous_27)
FN:222,(anonymous_28)
FN:235,(anonymous_29)
FN:246,(anonymous_30)
FN:247,(anonymous_31)
FN:285,(anonymous_32)
FN:293,(anonymous_33)
FNF:32
FNH:0
FNDA:0,(anonymous_2)
FNDA:0,(anonymous_3)
FNDA:0,(anonymous_4)
FNDA:0,(anonymous_5)
FNDA:0,(anonymous_6)
FNDA:0,(anonymous_7)
FNDA:0,(anonymous_8)
FNDA:0,(anonymous_9)
FNDA:0,(anonymous_10)
FNDA:0,(anonymous_11)
FNDA:0,(anonymous_12)
FNDA:0,(anonymous_13)
FNDA:0,(anonymous_14)
FNDA:0,(anonymous_15)
FNDA:0,(anonymous_16)
FNDA:0,(anonymous_17)
FNDA:0,(anonymous_18)
FNDA:0,(anonymous_19)
FNDA:0,(anonymous_20)
FNDA:0,(anonymous_21)
FNDA:0,(anonymous_22)
FNDA:0,(anonymous_23)
FNDA:0,(anonymous_24)
FNDA:0,(anonymous_25)
FNDA:0,(anonymous_26)
FNDA:0,(anonymous_27)
FNDA:0,(anonymous_28)
FNDA:0,(anonymous_29)
FNDA:0,(anonymous_30)
FNDA:0,(anonymous_31)
FNDA:0,(anonymous_32)
FNDA:0,(anonymous_33)
DA:1,6
DA:2,6
DA:3,6
DA:5,6
DA:7,6
DA:12,6
DA:17,6
DA:19,0
DA:20,0
DA:24,0
DA:30,0
DA:31,0
DA:32,0
DA:33,0
DA:35,0
DA:48,0
DA:55,0
DA:56,0
DA:59,0
DA:60,0
DA:61,0
DA:62,0
DA:72,0
DA:73,0
DA:75,0
DA:76,0
DA:80,0
DA:88,0
DA:89,0
DA:90,0
DA:91,0
DA:93,0
DA:94,0
DA:96,0
DA:101,0
DA:102,0
DA:103,0
DA:104,0
DA:106,0
DA:107,0
DA:110,0
DA:116,0
DA:117,0
DA:118,0
DA:119,0
DA:127,0
DA:128,0
DA:129,0
DA:130,0
DA:132,0
DA:133,0
DA:135,0
DA:136,0
DA:139,0
DA:140,0
DA:142,0
DA:143,0
DA:145,0
DA:146,0
DA:148,0
DA:149,0
DA:155,0
DA:156,0
DA:157,0
DA:158,0
DA:160,0
DA:161,0
DA:165,0
DA:172,0
DA:173,0
DA:174,0
DA:175,0
DA:177,0
DA:183,0
DA:190,0
DA:191,0
DA:192,0
DA:193,0
DA:195,0
DA:196,0
DA:198,0
DA:203,0
DA:210,0
DA:211,0
DA:212,0
DA:213,0
DA:215,0
DA:216,0
DA:218,0
DA:223,0
DA:224,0
DA:225,0
DA:228,0
DA:229,0
DA:230,0
DA:231,0
DA:232,0
DA:239,0
DA:246,0
DA:247,0
DA:248,0
DA:249,0
DA:251,0
DA:252,0
DA:254,0
DA:275,0
DA:276,0
DA:277,0
DA:279,0
DA:281,0
DA:283,0
DA:286,0
DA:287,0
DA:288,0
DA:291,0
DA:294,0
DA:295,0
LF:117
LH:7
BRDA:276,0,0,0
BRDA:276,0,1,0
BRDA:32,1,0,0
BRDA:32,1,1,0
BRDA:55,2,0,0
BRDA:55,2,1,0
BRDA:59,3,0,0
BRDA:59,3,1,0
BRDA:60,4,0,0
BRDA:60,4,1,0
BRDA:90,5,0,0
BRDA:90,5,1,0
BRDA:93,6,0,0
BRDA:93,6,1,0
BRDA:103,7,0,0
BRDA:103,7,1,0
BRDA:106,8,0,0
BRDA:106,8,1,0
BRDA:118,9,0,0
BRDA:118,9,1,0
BRDA:127,10,0,0
BRDA:127,10,1,0
BRDA:129,11,0,0
BRDA:129,11,1,0
BRDA:132,12,0,0
BRDA:132,12,1,0
BRDA:139,13,0,0
BRDA:139,13,1,0
BRDA:143,14,0,0
BRDA:143,14,1,0
BRDA:146,15,0,0
BRDA:146,15,1,0
BRDA:174,16,0,0
BRDA:174,16,1,0
BRDA:192,17,0,0
BRDA:192,17,1,0
BRDA:195,18,0,0
BRDA:195,18,1,0
BRDA:212,19,0,0
BRDA:212,19,1,0
BRDA:215,20,0,0
BRDA:215,20,1,0
BRDA:224,21,0,0
BRDA:224,21,1,0
BRDA:248,22,0,0
BRDA:248,22,1,0
BRDA:251,23,0,0
BRDA:251,23,1,0
BRDA:286,24,0,0
BRDA:286,24,1,0
BRDA:287,25,0,0
BRDA:287,25,1,0
BRDA:291,26,0,0
BRDA:291,26,1,0
BRDA:295,27,0,0
BRDA:295,27,1,0
BRF:56
BRH:0
end_of_record
TN:
SF:/Users/fortune/Projects/node-typescript-boilerplate/src/db/repos/pw_reset.repo.ts
FN:12,(anonymous_4)
FN:16,(anonymous_5)
FNF:2
FNH:0
FNDA:0,(anonymous_4)
FNDA:0,(anonymous_5)
DA:2,2
DA:5,2
DA:6,2
DA:8,2
DA:14,0
DA:16,0
LF:6
LH:4
BRF:0
BRH:0
end_of_record
TN:
SF:/Users/fortune/Projects/node-typescript-boilerplate/src/decorators/roles.decorator.ts
FN:5,(anonymous_0)
FNF:1
FNH:1
FNDA:2,(anonymous_0)
DA:1,2
DA:5,2
LF:2
LH:2
BRF:0
BRH:0
end_of_record
TN:
SF:/Users/fortune/Projects/node-typescript-boilerplate/src/entities/pw_reset.entity.ts
FN:14,(anonymous_2)
FN:21,(anonymous_3)
FN:24,(anonymous_4)
FN:27,(anonymous_5)
FNF:4
FNH:2
FNDA:1,(anonymous_2)
FNDA:1,(anonymous_3)
FNDA:0,(anonymous_4)
FNDA:0,(anonymous_5)
DA:1,3
DA:3,3
DA:4,3
DA:8,3
DA:12,3
DA:15,1
DA:16,1
DA:17,1
DA:18,1
DA:19,1
DA:22,1
DA:25,0
LF:12
LH:11
BRDA:16,0,0,0
BRDA:16,0,1,1
BRF:2
BRH:1
end_of_record
TN:
SF:/Users/fortune/Projects/node-typescript-boilerplate/src/shared/services/mail.service.ts
FN:5,(anonymous_1)
FNF:1
FNH:0
FNDA:0,(anonymous_1)
DA:1,2
DA:4,2
LF:2
LH:2
BRF:0
BRH:0
end_of_record
TN:
SF:/Users/fortune/Projects/node-typescript-boilerplate/src/tenant/tenant.controller.ts
FN:26,(anonymous_4)
FN:41,(anonymous_5)
FN:55,(anonymous_6)
FNF:3
FNH:0
FNDA:0,(anonymous_4)
FNDA:0,(anonymous_5)
FNDA:0,(anonymous_6)
DA:1,2
DA:10,2
DA:11,2
DA:17,2
DA:18,2
DA:19,2
DA:20,2
DA:21,2
DA:25,2
DA:26,0
DA:41,2
DA:45,0
DA:49,0
DA:55,2
DA:56,0
LF:15
LH:11
BRF:0
BRH:0
end_of_record
TN:
SF:/Users/fortune/Projects/node-typescript-boilerplate/src/tenant/tenant.dto.ts
FNF:0
FNH:0
DA:1,2
DA:2,2
DA:3,2
DA:10,2
DA:11,2
DA:13,2
DA:21,2
DA:29,2
DA:31,2
DA:36,2
DA:40,2
DA:42,2
DA:48,2
DA:53,2
DA:57,2
LF:15
LH:15
BRF:0
BRH:0
end_of_record
TN:
SF:/Users/fortune/Projects/node-typescript-boilerplate/src/tenant/tenant.entity.ts
FN:38,(anonymous_2)
FN:61,(anonymous_3)
FN:65,(anonymous_4)
FN:75,(anonymous_5)
FN:85,(anonymous_6)
FN:55,(anonymous_7)
FNF:6
FNH:0
FNDA:0,(anonymous_2)
FNDA:0,(anonymous_3)
FNDA:0,(anonymous_4)
FNDA:0,(anonymous_5)
FNDA:0,(anonymous_6)
FNDA:0,(anonymous_7)
DA:1,8
DA:5,8
DA:15,8
DA:28,8
DA:36,8
DA:39,0
DA:40,0
DA:41,0
DA:44,0
DA:45,0
DA:46,0
DA:55,8
DA:56,0
DA:62,0
DA:66,0
DA:76,0
DA:86,0
DA:87,0
DA:89,0
DA:90,0
LF:20
LH:6
BRDA:40,0,0,0
BRDA:40,0,1,0
BRDA:86,1,0,0
BRDA:86,1,1,0
BRDA:89,2,0,0
BRDA:89,2,1,0
BRF:6
BRH:0
end_of_record
TN:
SF:/Users/fortune/Projects/node-typescript-boilerplate/src/tenant/tenant.service.ts
FN:7,(anonymous_2)
FN:8,(anonymous_3)
FNF:2
FNH:0
FNDA:0,(anonymous_2)
FNDA:0,(anonymous_3)
DA:1,2
DA:2,2
DA:3,2
DA:6,2
DA:7,0
DA:9,0
DA:10,0
LF:7
LH:4
BRF:0
BRH:0
end_of_record
TN:
SF:/Users/fortune/Projects/node-typescript-boilerplate/src/tenant/repository/tenant.repository.ts
FN:12,(anonymous_4)
FN:16,(anonymous_5)
FNF:2
FNH:0
FNDA:0,(anonymous_4)
FNDA:0,(anonymous_5)
DA:3,2
DA:4,2
DA:5,2
DA:10,2
DA:14,0
DA:16,0
LF:6
LH:4
BRF:0
BRH:0
end_of_record
TN:
SF:/Users/fortune/Projects/node-typescript-boilerplate/src/user/constants.ts
FNF:0
FNH:0
DA:1,2
LF:1
LH:1
BRF:0
BRH:0
end_of_record
TN:
SF:/Users/fortune/Projects/node-typescript-boilerplate/src/user/user.controller.ts
FN:11,(anonymous_2)
FNF:1
FNH:0
FNDA:0,(anonymous_2)
DA:1,3
DA:2,3
DA:3,3
DA:7,3
DA:11,3
LF:5
LH:5
BRF:0
BRH:0
end_of_record
TN:
SF:/Users/fortune/Projects/node-typescript-boilerplate/src/user/user.entity.ts
FN:17,(anonymous_2)
FN:134,(anonymous_3)
FN:185,(anonymous_4)
FN:211,(anonymous_5)
FN:221,(anonymous_6)
FN:231,(anonymous_7)
FN:241,(anonymous_8)
FN:251,(anonymous_9)
FN:261,(anonymous_10)
FN:271,(anonymous_11)
FN:280,(anonymous_12)
FN:307,(anonymous_13)
FN:319,(anonymous_14)
FN:331,(anonymous_15)
FN:161,(anonymous_16)
FNF:15
FNH:5
FNDA:8,(anonymous_2)
FNDA:2,(anonymous_3)
FNDA:0,(anonymous_4)
FNDA:0,(anonymous_5)
FNDA:0,(anonymous_6)
FNDA:0,(anonymous_7)
FNDA:0,(anonymous_8)
FNDA:0,(anonymous_9)
FNDA:1,(anonymous_10)
FNDA:0,(anonymous_11)
FNDA:0,(anonymous_12)
FNDA:0,(anonymous_13)
FNDA:0,(anonymous_14)
FNDA:3,(anonymous_15)
FNDA:1,(anonymous_16)
DA:1,8
DA:9,8
DA:10,8
DA:14,8
DA:15,8
DA:17,8
DA:18,8
DA:19,8
DA:25,8
DA:33,8
DA:41,8
DA:44,8
DA:60,8
DA:76,8
DA:85,8
DA:99,8
DA:108,8
DA:117,8
DA:142,2
DA:143,2
DA:144,1
DA:146,1
DA:147,1
DA:148,1
DA:149,1
DA:150,1
DA:151,1
DA:152,1
DA:161,8
DA:176,1
DA:186,0
DA:212,0
DA:222,0
DA:232,0
DA:242,0
DA:252,0
DA:262,1
DA:272,0
DA:281,0
DA:282,0
DA:284,0
DA:285,0
DA:287,0
DA:288,0
DA:290,0
DA:291,0
DA:293,0
DA:294,0
DA:296,0
DA:297,0
DA:308,0
DA:320,0
DA:321,0
DA:334,3
DA:335,3
DA:336,3
LF:56
LH:34
BRDA:17,0,0,8
BRDA:17,0,1,8
BRDA:143,1,0,1
BRDA:143,1,1,1
BRDA:281,2,0,0
BRDA:281,2,1,0
BRDA:284,3,0,0
BRDA:284,3,1,0
BRDA:287,4,0,0
BRDA:287,4,1,0
BRDA:290,5,0,0
BRDA:290,5,1,0
BRDA:293,6,0,0
BRDA:293,6,1,0
BRDA:296,7,0,0
BRDA:296,7,1,0
BRDA:309,8,0,0
BRDA:309,8,1,0
BRDA:309,8,2,0
BRF:19
BRH:4
end_of_record
TN:
SF:/Users/fortune/Projects/node-typescript-boilerplate/src/user/user.module.ts
FNF:0
FNH:0
DA:1,1
DA:2,1
DA:4,1
DA:5,1
DA:6,1
DA:7,1
DA:8,1
DA:9,1
DA:17,1
LF:9
LH:9
BRF:0
BRH:0
end_of_record
TN:
SF:/Users/fortune/Projects/node-typescript-boilerplate/src/user/user.service.ts
FN:8,(anonymous_2)
FN:10,(anonymous_3)
FNF:2
FNH:1
FNDA:1,(anonymous_2)
FNDA:0,(anonymous_3)
DA:1,2
DA:2,2
DA:3,2
DA:4,2
DA:7,2
DA:8,1
DA:17,0
DA:18,0
DA:19,0
LF:9
LH:6
BRF:0
BRH:0
end_of_record
TN:
SF:/Users/fortune/Projects/node-typescript-boilerplate/src/user/repository/user.repository.ts
FN:12,(anonymous_4)
FN:16,(anonymous_5)
FNF:2
FNH:0
FNDA:0,(anonymous_4)
FNDA:0,(anonymous_5)
DA:3,3
DA:4,3
DA:5,3
DA:10,3
DA:14,0
DA:16,0
LF:6
LH:4
BRF:0
BRH:0
end_of_record
TN:
SF:/Users/fortune/Projects/node-typescript-boilerplate/src/utils/pwHash.ts
FN:5,(anonymous_0)
FNF:1
FNH:1
FNDA:3,(anonymous_0)
DA:1,3
DA:3,3
DA:5,3
DA:6,3
DA:8,3
DA:9,3
LF:6
LH:6
BRDA:8,0,0,3
BRDA:8,0,1,0
BRDA:8,1,0,3
BRDA:8,1,1,3
BRF:4
BRH:3
end_of_record
